                                                                       | 15%|███████████████▎                                                                                      | 16%|████████████████▌                                                                                     | 18%|█████████████████▊                                                                                    | 19%|███████████████████▏                                                                                  | 20%|████████████████████▍                                                                                 | 21%|█████████████████████▋                                                                                | 22%|██████████████████████▉                                                                               | 24%|████████████████████████▏                                                                             | 25%|█████████████████████████▌                                                                            | 26%|██████████████████████████▊                                                                           | 28%|████████████████████████████                                                                          | 29%|█████████████████████████████▎                                                                        | 30%|██████████████████████████████▌                                                                       | 31%|███████████████████████████████▉                                                                      | 32%|█████████████████████████████████▏                                                                    | 34%|██████████████████████████████████▍                                                                   | 35%|███████████████████████████████████▋                                                                  | 36%|████████████████████████████████████▉                                                                 | 38%|██████████████████████████████████████▎                                                               | 39%|███████████████████████████████████████▌                                                              | 40%|████████████████████████████████████████▊                                                             | 41%|██████████████████████████████████████████                                                            | 42%|███████████████████████████████████████████▎                                                          | 44%|████████████████████████████████████████████▋                                                         | 45%|█████████████████████████████████████████████▉                                                        | 46%|███████████████████████████████████████████████▏                                                      | 48%|████████████████████████████████████████████████▍                                                     | 49%|█████████████████████████████████████████████████▋                                                    | 50%|███████████████████████████████████████████████████                                                   | 51%|████████████████████████████████████████████████████▎                                                 | 52%|█████████████████████████████████████████████████████▌                                                | 54%|██████████████████████████████████████████████████████▊                                               | 55%|████████████████████████████████████████████████████████                                              | 56%|█████████████████████████████████████████████████████████▍                                            | 57%|██████████████████████████████████████████████████████████▋                                           | 59%|███████████████████████████████████████████████████████████▉                                          | 60%|█████████████████████████████████████████████████████████████▏                                        | 61%|██████████████████████████████████████████████████████████████▍                                       | 62%|███████████████████████████████████████████████████████████████▊                                      | 64%|█████████████████████████████████████████████████████████████████                                     | 65%|██████████████████████████████████████████████████████████████████▎                                   | 66%|███████████████████████████████████████████████████████████████████▌                                  | 68%|████████████████████████████████████████████████████████████████████▊                                 | 69%|██████████████████████████████████████████████████████████████████████▏                               | 70%|███████████████████████████████████████████████████████████████████████▍                              | 71%|████████████████████████████████████████████████████████████████████████▋                             | 72%|█████████████████████████████████████████████████████████████████████████▉                            | 74%|███████████████████████████████████████████████████████████████████████████▏                          | 75%|████████████████████████████████████████████████████████████████████████████▌                         | 76%|█████████████████████████████████████████████████████████████████████████████▊                        | 78%|███████████████████████████████████████████████████████████████████████████████                       | 79%|████████████████████████████████████████████████████████████████████████████████▎                     | 80%|█████████████████████████████████████████████████████████████████████████████████▌                    | 81%|██████████████████████████████████████████████████████████████████████████████████▉                   | 82%|████████████████████████████████████████████████████████████████████████████████████▏                 | 84%|█████████████████████████████████████████████████████████████████████████████████████▍                | 85%|██████████████████████████████████████████████████████████████████████████████████████▋               | 86%|███████████████████████████████████████████████████████████████████████████████████████▉              | 88%|█████████████████████████████████████████████████████████████████████████████████████████▎            | 89%|██████████████████████████████████████████████████████████████████████████████████████████▌           | 90%|███████████████████████████████████████████████████████████████████████████████████████████▊          | 91%|█████████████████████████████████████████████████████████████████████████████████████████████         | 92%|██████████████████████████████████████████████████████████████████████████████████████████████▎       | 94%|███████████████████████████████████████████████████████████████████████████████████████████████▋      | 95%|████████████████████████████████████████████████████████████████████████████████████████████████▉     | 96%|██████████████████████████████████████████████████████████████████████████████████████████████████▏   | 98%|███████████████████████████████████████████████████████████████████████████████████████████████████▍  | 99%|████████████████████████████████████████████████████████████████████████████████████████████████████▋ |100%|██████████████████████████████████████████████████████████████████████████████████████████████████████|100%|██████████████████████████████████████████████████████████████████████████████████████████████████████| 80/80 [04:08<00:00,  3.11s/it]
finger-1    : 0.7183
finger-2    : 0.8475
finger-3    : 0.7731
finger-4    : 0.5452
finger-5    : 0.7089
finger-6    : 0.8091
finger-7    : 0.8120
finger-8    : 0.4962
finger-9    : 0.6629
finger-10   : 0.8490
finger-11   : 0.7513
finger-12   : 0.5622
finger-13   : 0.7461
finger-14   : 0.8640
finger-15   : 0.7947
finger-16   : 0.4903
finger-17   : 0.6789
finger-18   : 0.8051
finger-19   : 0.7707
Trapezium   : 0.7682
Trapezoid   : 0.6945
Capitate    : 0.8057
Hamate      : 0.7942
Scaphoid    : 0.8425
Lunate      : 0.8315
Triquetrum  : 0.7746
Pisiform    : 0.6663
Radius      : 0.9019
Ulna        : 0.8805
2023-06-14 05:25:04 | Epoch [37/50], Step [25/80], Loss: 0.0031,Data Time: 4.018185524850212
2023-06-14 05:25:34 | Epoch [37/50], Step [50/80], Loss: 0.0031,Data Time: 3.9910902749149466
2023-06-14 05:26:04 | Epoch [37/50], Step [75/80], Loss: 0.0029,Data Time: 3.9645682138839953
Start validation #37
100%|█| 80/80 [04:09<00:00,  3.12s/i
finger-1    : 0.8985
finger-2    : 0.9331
finger-3    : 0.9451
finger-4    : 0.8341
finger-5    : 0.8980
finger-6    : 0.9455
finger-7    : 0.9402
finger-8    : 0.6206
finger-9    : 0.8966
finger-10   : 0.9487
finger-11   : 0.9343
finger-12   : 0.8128
finger-13   : 0.9065
finger-14   : 0.9436
finger-15   : 0.9230
finger-16   : 0.7208
finger-17   : 0.8574
finger-18   : 0.9158
finger-19   : 0.9445
Trapezium   : 0.8756
Trapezoid   : 0.8386
Capitate    : 0.9034
Hamate      : 0.8899
Scaphoid    : 0.9094
Lunate      : 0.8811
Triquetrum  : 0.8621
Pisiform    : 0.7660
Radius      : 0.9586
Ulna        : 0.9640
Best performance at epoch: 37, 0.8656 -> 0.8851
Save model in ../checkpoints/result_317(0)_deeplabv3plus_r101_Adam_BCE_centercrop2_mixed/
2023-06-14 05:30:56 | Epoch [38/50], Step [25/80], Loss: 0.0029,Data Time: 4.0188824969919485
2023-06-14 05:31:24 | Epoch [38/50], Step [50/80], Loss: 0.0029,Data Time: 3.991884247013105
2023-06-14 05:31:53 | Epoch [38/50], Step [75/80], Loss: 0.0028,Data Time: 3.9658674903128057
Start validation #38
100%|█| 80/80 [04:06<00:00,  3.08s/i
finger-1    : 0.8432
finger-2    : 0.9210
finger-3    : 0.8969
finger-4    : 0.7471
finger-5    : 0.8431
finger-6    : 0.9266
finger-7    : 0.9127
finger-8    : 0.5619
finger-9    : 0.8490
finger-10   : 0.9319
finger-11   : 0.9070
finger-12   : 0.7376
finger-13   : 0.8622
finger-14   : 0.9252
finger-15   : 0.8941
finger-16   : 0.6680
finger-17   : 0.8467
finger-18   : 0.8749
finger-19   : 0.9143
Trapezium   : 0.8666
Trapezoid   : 0.8281
Capitate    : 0.9009
Hamate      : 0.8678
Scaphoid    : 0.8889
Lunate      : 0.8665
Triquetrum  : 0.8592
Pisiform    : 0.7639
Radius      : 0.9392
Ulna        : 0.9218
2023-06-14 05:36:41 | Epoch [39/50], Step [25/80], Loss: 0.0027,Data Time: 4.017860356435107
2023-06-14 05:37:10 | Epoch [39/50], Step [50/80], Loss: 0.0028,Data Time: 3.9919783184829267
2023-06-14 05:37:39 | Epoch [39/50], Step [75/80], Loss: 0.0026,Data Time: 3.966293861089128
Start validation #39
100%|█| 80/80 [04:09<00:00,  3.12s/i
finger-1    : 0.8181
finger-2    : 0.9205
finger-3    : 0.8986
finger-4    : 0.6973
finger-5    : 0.8396
finger-6    : 0.9307
finger-7    : 0.9214
finger-8    : 0.5404
finger-9    : 0.7688
finger-10   : 0.9304
finger-11   : 0.8771
finger-12   : 0.6854
finger-13   : 0.8257
finger-14   : 0.9235
finger-15   : 0.8902
finger-16   : 0.7052
finger-17   : 0.8398
finger-18   : 0.8662
finger-19   : 0.8961
Trapezium   : 0.8461
Trapezoid   : 0.7886
Capitate    : 0.9015
Hamate      : 0.8481
Scaphoid    : 0.8849
Lunate      : 0.8753
Triquetrum  : 0.8519
Pisiform    : 0.7568
Radius      : 0.9362
Ulna        : 0.9287
2023-06-14 05:42:30 | Epoch [40/50], Step [25/80], Loss: 0.0026,Data Time: 4.0176348702138105
2023-06-14 05:43:01 | Epoch [40/50], Step [50/80], Loss: 0.0026,Data Time: 3.9926884286411175
2023-06-14 05:43:29 | Epoch [40/50], Step [75/80], Loss: 0.0027,Data Time: 3.967619971676798
Start validation #40
100%|█| 80/80 [04:07<00:00,  3.09s/i
finger-1    : 0.5910
finger-2    : 0.7618
finger-3    : 0.6914
finger-4    : 0.5527
finger-5    : 0.6402
finger-6    : 0.8671
finger-7    : 0.8369
finger-8    : 0.5122
finger-9    : 0.6152
finger-10   : 0.8444
finger-11   : 0.7407
finger-12   : 0.5684
finger-13   : 0.6121
finger-14   : 0.8357
finger-15   : 0.7276
finger-16   : 0.5738
finger-17   : 0.7191
finger-18   : 0.7613
finger-19   : 0.8074
Trapezium   : 0.7703
Trapezoid   : 0.7769
Capitate    : 0.8621
Hamate      : 0.6962
Scaphoid    : 0.8353
Lunate      : 0.7799
Triquetrum  : 0.7673
Pisiform    : 0.6327
Radius      : 0.8894
Ulna        : 0.8340
2023-06-14 05:48:17 | Epoch [41/50], Step [25/80], Loss: 0.0025,Data Time: 4.01691103794778
2023-06-14 05:48:49 | Epoch [41/50], Step [50/80], Loss: 0.0025,Data Time: 3.9929567308425904
2023-06-14 05:49:17 | Epoch [41/50], Step [75/80], Loss: 0.0024,Data Time: 3.968209756385279
Start validation #41
100%|█| 80/80 [04:08<00:00,  3.11s/i
finger-1    : 0.5327
finger-2    : 0.6406
finger-3    : 0.5632
finger-4    : 0.4975
finger-5    : 0.5406
finger-6    : 0.6216
finger-7    : 0.6648
finger-8    : 0.4910
finger-9    : 0.5491
finger-10   : 0.7132
finger-11   : 0.5846
finger-12   : 0.5202
finger-13   : 0.5579
finger-14   : 0.7319
finger-15   : 0.5713
finger-16   : 0.4818
finger-17   : 0.5270
finger-18   : 0.5912
finger-19   : 0.6042
Trapezium   : 0.6769
Trapezoid   : 0.6458
Capitate    : 0.7993
Hamate      : 0.6043
Scaphoid    : 0.7296
Lunate      : 0.7741
Triquetrum  : 0.6435
Pisiform    : 0.5153
Radius      : 0.7457
Ulna        : 0.7366
2023-06-14 05:54:07 | Epoch [42/50], Step [25/80], Loss: 0.0025,Data Time: 4.016790757489457
2023-06-14 05:54:38 | Epoch [42/50], Step [50/80], Loss: 0.0025,Data Time: 3.9933945944359355
2023-06-14 05:55:06 | Epoch [42/50], Step [75/80], Loss: 0.0026,Data Time: 3.9695363068189775
Start validation #42
100%|█| 80/80 [04:08<00:00,  3.11s/i
finger-1    : 0.6878
finger-2    : 0.8040
finger-3    : 0.8308
finger-4    : 0.6019
finger-5    : 0.7651
finger-6    : 0.8666
finger-7    : 0.8825
finger-8    : 0.5442
finger-9    : 0.6741
finger-10   : 0.8379
finger-11   : 0.7804
finger-12   : 0.6308
finger-13   : 0.7592
finger-14   : 0.8678
finger-15   : 0.7920
finger-16   : 0.6732
finger-17   : 0.8025
finger-18   : 0.8148
finger-19   : 0.8255
Trapezium   : 0.8029
Trapezoid   : 0.7389
Capitate    : 0.8509
Hamate      : 0.7953
Scaphoid    : 0.8276
Lunate      : 0.8268
Triquetrum  : 0.7506
Pisiform    : 0.6280
Radius      : 0.8823
Ulna        : 0.8828
2023-06-14 05:59:57 | Epoch [43/50], Step [25/80], Loss: 0.0023,Data Time: 4.017136361715185
2023-06-14 06:00:26 | Epoch [43/50], Step [50/80], Loss: 0.0025,Data Time: 3.993658948643816
2023-06-14 06:00:54 | Epoch [43/50], Step [75/80], Loss: 0.0023,Data Time: 3.970153484663762
Start validation #43
100%|█| 80/80 [04:09<00:00,  3.11s/i
finger-1    : 0.8852
finger-2    : 0.9223
finger-3    : 0.9476
finger-4    : 0.8401
finger-5    : 0.8860
finger-6    : 0.9442
finger-7    : 0.9543
finger-8    : 0.6215
finger-9    : 0.8860
finger-10   : 0.9538
finger-11   : 0.9363
finger-12   : 0.8382
finger-13   : 0.8984
finger-14   : 0.9465
finger-15   : 0.9290
finger-16   : 0.8284
finger-17   : 0.8749
finger-18   : 0.9316
finger-19   : 0.9405
Trapezium   : 0.8859
Trapezoid   : 0.8449
Capitate    : 0.9180
Hamate      : 0.8790
Scaphoid    : 0.8999
Lunate      : 0.8815
Triquetrum  : 0.8618
Pisiform    : 0.7837
Radius      : 0.9389
Ulna        : 0.9462
Best performance at epoch: 43, 0.8851 -> 0.8898
Save model in ../checkpoints/result_317(0)_deeplabv3plus_r101_Adam_BCE_centercrop2_mixed/
2023-06-14 06:05:46 | Epoch [44/50], Step [25/80], Loss: 0.0024,Data Time: 4.017000117033591
2023-06-14 06:06:15 | Epoch [44/50], Step [50/80], Loss: 0.0022,Data Time: 3.994114564346379
2023-06-14 06:06:44 | Epoch [44/50], Step [75/80], Loss: 0.0023,Data Time: 3.9715947832864513
Start validation #44
100%|█| 80/80 [04:08<00:00,  3.10s/i
finger-1    : 0.9191
finger-2    : 0.9476
finger-3    : 0.9592
finger-4    : 0.8981
finger-5    : 0.9298
finger-6    : 0.9605
finger-7    : 0.9601
finger-8    : 0.8837
finger-9    : 0.9374
finger-10   : 0.9647
finger-11   : 0.9558
finger-12   : 0.9079
finger-13   : 0.9376
finger-14   : 0.9551
finger-15   : 0.9483
finger-16   : 0.8526
finger-17   : 0.8920
finger-18   : 0.9435
finger-19   : 0.9551
Trapezium   : 0.8886
Trapezoid   : 0.8422
Capitate    : 0.9180
Hamate      : 0.9044
Scaphoid    : 0.9123
Lunate      : 0.8920
Triquetrum  : 0.8761
Pisiform    : 0.8016
Radius      : 0.9594
Ulna        : 0.9704
Best performance at epoch: 44, 0.8898 -> 0.9198
Save model in ../checkpoints/result_317(0)_deeplabv3plus_r101_Adam_BCE_centercrop2_mixed/
2023-06-14 06:11:35 | Epoch [45/50], Step [25/80], Loss: 0.0023,Data Time: 4.017127094214995
2023-06-14 06:12:04 | Epoch [45/50], Step [50/80], Loss: 0.0022,Data Time: 3.994512185996988
2023-06-14 06:12:32 | Epoch [45/50], Step [75/80], Loss: 0.0022,Data Time: 3.9722766266081364
Start validation #45
100%|████████████████████████████████| 80/80 [04:08<00:00,  3.11s/it]
finger-1    : 0.9123
finger-2    : 0.9499
finger-3    : 0.9458
finger-4    : 0.7953
finger-5    : 0.8992
finger-6    : 0.9434
finger-7    : 0.9506
finger-8    : 0.7013
finger-9    : 0.9085
finger-10   : 0.9551
finger-11   : 0.9354
finger-12   : 0.8504
finger-13   : 0.9137
finger-14   : 0.9462
finger-15   : 0.9260
finger-16   : 0.8150
finger-17   : 0.8575
finger-18   : 0.9237
finger-19   : 0.9448
Trapezium   : 0.8825
Trapezoid   : 0.8420
Capitate    : 0.9158
Hamate      : 0.8957
Scaphoid    : 0.9018
Lunate      : 0.8981
Triquetrum  : 0.8749
Pisiform    : 0.7964
Radius      : 0.9528
Ulna        : 0.9655
2023-06-14 06:17:22 | Epoch [46/50], Step [25/80], Loss: 0.0021,Data Time: 4.016408456144662
2023-06-14 06:17:53 | Epoch [46/50], Step [50/80], Loss: 0.0021,Data Time: 3.9947919611081684
2023-06-14 06:18:21 | Epoch [46/50], Step [75/80], Loss: 0.0021,Data Time: 3.9730955312689957
Start validation #46
100%|████████████████████████████████| 80/80 [04:07<00:00,  3.09s/it]
finger-1    : 0.8074
finger-2    : 0.9126
finger-3    : 0.8414
finger-4    : 0.7500
finger-5    : 0.7711
finger-6    : 0.8236
finger-7    : 0.8337
finger-8    : 0.5696
finger-9    : 0.8042
finger-10   : 0.9101
finger-11   : 0.8269
finger-12   : 0.6533
finger-13   : 0.7660
finger-14   : 0.9085
finger-15   : 0.8043
finger-16   : 0.6778
finger-17   : 0.7753
finger-18   : 0.8730
finger-19   : 0.8782
Trapezium   : 0.8210
Trapezoid   : 0.7907
Capitate    : 0.9007
Hamate      : 0.8564
Scaphoid    : 0.8704
Lunate      : 0.8658
Triquetrum  : 0.8774
Pisiform    : 0.7954
Radius      : 0.9142
Ulna        : 0.8925
2023-06-14 06:23:10 | Epoch [47/50], Step [25/80], Loss: 0.0022,Data Time: 4.016141193984491
2023-06-14 06:23:40 | Epoch [47/50], Step [50/80], Loss: 0.0022,Data Time: 3.99486774560913
2023-06-14 06:24:09 | Epoch [47/50], Step [75/80], Loss: 0.002,Data Time: 3.9737450950155244
Start validation #47
100%|████████████████████████████████| 80/80 [04:09<00:00,  3.12s/it]
finger-1    : 0.9269
finger-2    : 0.9536
finger-3    : 0.9616
finger-4    : 0.8987
finger-5    : 0.9263
finger-6    : 0.9641
finger-7    : 0.9631
finger-8    : 0.9186
finger-9    : 0.9408
finger-10   : 0.9687
finger-11   : 0.9591
finger-12   : 0.9111
finger-13   : 0.9436
finger-14   : 0.9565
finger-15   : 0.9523
finger-16   : 0.8668
finger-17   : 0.9057
finger-18   : 0.9483
finger-19   : 0.9538
Trapezium   : 0.8962
Trapezoid   : 0.8596
Capitate    : 0.9243
Hamate      : 0.9104
Scaphoid    : 0.9223
Lunate      : 0.8990
Triquetrum  : 0.8952
Pisiform    : 0.8217
Radius      : 0.9564
Ulna        : 0.9709
Best performance at epoch: 47, 0.9198 -> 0.9267
Save model in ../checkpoints/result_317(0)_deeplabv3plus_r101_Adam_BCE_centercrop2_mixed/
2023-06-14 06:29:02 | Epoch [48/50], Step [25/80], Loss: 0.0022,Data Time: 4.0167158315802185
2023-06-14 06:29:32 | Epoch [48/50], Step [50/80], Loss: 0.002,Data Time: 3.9958754238494114
2023-06-14 06:30:00 | Epoch [48/50], Step [75/80], Loss: 0.002,Data Time: 3.9748668978391444
Start validation #48
100%|████████████████████████████████| 80/80 [04:07<00:00,  3.09s/it]
finger-1    : 0.9199
finger-2    : 0.9476
finger-3    : 0.9590
finger-4    : 0.9044
finger-5    : 0.9231
finger-6    : 0.9609
finger-7    : 0.9563
finger-8    : 0.8870
finger-9    : 0.9300
finger-10   : 0.9642
finger-11   : 0.9525
finger-12   : 0.9138
finger-13   : 0.9327
finger-14   : 0.9522
finger-15   : 0.9458
finger-16   : 0.8750
finger-17   : 0.8991
finger-18   : 0.9446
finger-19   : 0.9437
Trapezium   : 0.8969
Trapezoid   : 0.8628
Capitate    : 0.9125
Hamate      : 0.9080
Scaphoid    : 0.9208
Lunate      : 0.9067
Triquetrum  : 0.8792
Pisiform    : 0.8055
Radius      : 0.9496
Ulna        : 0.9603
2023-06-14 06:34:51 | Epoch [49/50], Step [25/80], Loss: 0.002,Data Time: 4.016620249705049
2023-06-14 06:35:22 | Epoch [49/50], Step [50/80], Loss: 0.0019,Data Time: 3.996433109489382
2023-06-14 06:35:51 | Epoch [49/50], Step [75/80], Loss: 0.0019,Data Time: 3.975966282853069
Start validation #49
100%|████████████████████████████████| 80/80 [04:08<00:00,  3.10s/it]
finger-1    : 0.9266
finger-2    : 0.9513
finger-3    : 0.9608
finger-4    : 0.9032
finger-5    : 0.9347
finger-6    : 0.9636
finger-7    : 0.9634
finger-8    : 0.9272
finger-9    : 0.9497
finger-10   : 0.9638
finger-11   : 0.9597
finger-12   : 0.9122
finger-13   : 0.9415
finger-14   : 0.9552
finger-15   : 0.9560
finger-16   : 0.8880
finger-17   : 0.9100
finger-18   : 0.9502
finger-19   : 0.9518
Trapezium   : 0.8864
Trapezoid   : 0.8524
Capitate    : 0.9240
Hamate      : 0.9155
Scaphoid    : 0.9216
Lunate      : 0.9066
Triquetrum  : 0.8807
Pisiform    : 0.8129
Radius      : 0.9569
Ulna        : 0.9702
Best performance at epoch: 49, 0.9267 -> 0.9274
Save model in ../checkpoints/result_317(0)_deeplabv3plus_r101_Adam_BCE_centercrop2_mixed/
2023-06-14 06:40:42 | Epoch [50/50], Step [25/80], Loss: 0.0019,Data Time: 4.01680214970133
2023-06-14 06:41:12 | Epoch [50/50], Step [50/80], Loss: 0.0019,Data Time: 3.996808233969758
2023-06-14 06:41:41 | Epoch [50/50], Step [75/80], Loss: 0.002,Data Time: 3.9767081541173597
Start validation #50
 26%|████████▍                       28%|████████▊                       29%|█████████▏                      30%|█████████▌                      31%|██████████                      32%|██████████▍                     34%|██████████▊                     35%|███████████▏                    36%|███████████▌                    38%|████████████                    39%|████████████▍                   40%|████████████▊                   41%|█████████████▏                  42%|█████████████▌                  44%|██████████████                  45%|██████████████▍                 46%|██████████████▊                 48%|███████████████▏                49%|███████████████▌                50%|████████████████                51%|████████████████▍               52%|████████████████▊               54%|█████████████████▏              55%|█████████████████▌              56%|██████████████████              57%|██████████████████▍             59%|██████████████████▊             60%|███████████████████▏            61%|███████████████████▌            62%|████████████████████            64%|████████████████████▍           65%|████████████████████▊           66%|█████████████████████▏          68%|█████████████████████▌          69%|██████████████████████          70%|██████████████████████▍         71%|██████████████████████▊         72%|███████████████████████▏        74%|███████████████████████▌        75%|████████████████████████        76%|████████████████████████▍       78%|████████████████████████▊       79%|█████████████████████████▏      80%|█████████████████████████▌      81%|██████████████████████████      82%|██████████████████████████▍     84%|██████████████████████████▊     85%|███████████████████████████▏    86%|███████████████████████████▌    88%|████████████████████████████    89%|████████████████████████████▍   90%|████████████████████████████▊   91%|█████████████████████████████▏  92%|█████████████████████████████▌  94%|██████████████████████████████  95%|██████████████████████████████▍ 96%|██████████████████████████████▊ 98%|███████████████████████████████ 99%|███████████████████████████████100%|███████████████████████████████100%|████████████████████████████████| 80/80 [04:08<00:00,  3.11s/it]
finger-1    : 0.9294
finger-2    : 0.9547
finger-3    : 0.9651
finger-4    : 0.9215
finger-5    : 0.9444
finger-6    : 0.9668
finger-7    : 0.9653
finger-8    : 0.9347
finger-9    : 0.9544
finger-10   : 0.9692
finger-11   : 0.9584
finger-12   : 0.9244
finger-13   : 0.9506
finger-14   : 0.9619
finger-15   : 0.9551
finger-16   : 0.8891
finger-17   : 0.9180
finger-18   : 0.9494
finger-19   : 0.9586
Trapezium   : 0.9003
Trapezoid   : 0.8616
Capitate    : 0.9249
Hamate      : 0.9124
Scaphoid    : 0.9189
Lunate      : 0.9052
Triquetrum  : 0.8962
Pisiform    : 0.8244
Radius      : 0.9532
Ulna        : 0.9683
Best performance at epoch: 50, 0.9274 -> 0.9323
Save model in ../checkpoints/result_317(0)_deeplabv3plus_r101_Adam_BCE_centercrop2_mixed/
100%|█| 150/150 [03:02<00:00,  1.22s
wandb: Waiting for W&B process to finish... (success).
wandb: 
wandb: Run history:
wandb:   Capitate ▁▁▁▁▁▅▆▆▇▇▇▇▇▇▇▇▇▇▇███▇██▇▇▇▇███▇▇██████
wandb:     Hamate ▁▁▁▁▁▁▁▃▅▆▆▆▇▇▇▇▇▇▇▇▇▇▇█▇▆▇▆▇███▆▇██████
wandb:     Lunate ▁▁▁▁▁▁▁▁▂▃▄▅▅▆▆▆▆▇▇▇▇▇▇█▇▆▇▆▇███▇▇██████
wandb:   Pisiform ▁▁▁▁▁▁▁▁▁▁▁▁▁▁▁▁▂▃▄▅▆▆▆▇▇▅▇▅▇█▇▇▅▆██████
wandb:     Radius ▃▁▂▄█████████████████████▇█▆████▆▇██████
wandb:   Scaphoid ▁▁▁▁▁▁▁▁▄▅▅▆▆▇▆▇▇▇▇▇▇▇▇█▇▆▇▆▇███▇▇██████
wandb: Train Loss █▅▃▂▂▂▁▁▁▁▁▁▁▁▁▁▁▁▁▁▁▁▁▁▁▁▁▁▁▁▁▁▁▁▁▁▁▁▁▁
wandb:  Trapezium ▁▁▁▁▁▁▂▄▅▆▆▇▇▇▇▇▇▇▇▇▇█▇█▇▇▇▆▇███▆▇██▇███
wandb:  Trapezoid ▁▁▁▁▁▁▁▁▁▂▂▄▅▅▅▆▆▇▇▇▇▇▇▇▇▆▇▆▇██▇▆▇██▇███
wandb: Triquetrum ▁▁▁▁▁▁▁▁▁▁▂▄▅▆▆▆▇▇▇▇▇▇▇█▇▆▇▆▇███▆▇██████
wandb:       Ulna ▁▁▁▁▆▇▇▇▇██▇████▇███████▇▇█▆▇███▆▇██▇███
wandb:   Val Dice ▁▁▁▁▁▂▃▃▄▅▅▅▆▆▆▆▆▇▇▇▇▇▇▇▇▆▇▆▇█▇▇▆▇██▇███
wandb:   finger-1 ▁▁▁▁▁▁▁▁▁▁▁▁▁▁▃▅▆▇▇▇▇▇▇▇▇▅▇▅▆█▇▇▅▆██▇███
wandb:  finger-10 ▁▁▁▁▁▅▇▆▇██▇████████████▇▆▇▆▇███▆▇██████
wandb:  finger-11 ▁▁▁▁▂▆▇▇▇▇██████▇███████▇▅▇▅▆██▇▅▇██▇███
wandb:  finger-12 ▁▁▁▁▁▁▁▁▁▁▁▁▃▄▄▅▄▆▆▆▆▇▆▇▅▅▅▅▅▇▇▆▅▆▇█▆███
wandb:  finger-13 ▁▁▁▁▁▁▁▁▄▅▆▆▇▇▇▇▇▇▇███▇█▇▅▇▅▆█▇▇▅▇██▇███
wandb:  finger-14 ▁▁▁▁▁▃▆▆▇▇▇▇████▇████████▇▇▆▇███▆▇██████
wandb:  finger-15 ▁▁▁▁▁▁▅▅▆▇▇▇▇▇▇█▇███████▇▆▇▅▇███▅▇██▇███
wandb:  finger-16 ▁▁▁▁▁▁▁▁▁▁▁▁▁▁▁▁▁▁▁▁▁▁▂▃▃▃▄▄▅▇▆▇▅▆██▆███
wandb:  finger-17 ▁▁▁▁▁▁▁▁▁▁▁▁▂▂▃▄▅▆▆▇▇▇▇▇▇▅▆▅▆█▇▇▅▇██▇███
wandb:  finger-18 ▁▁▁▁▁▁▁▂▅▆▇▇▇▇▇▇▇███████▇▆▇▅▇█▇▇▅▇██▇███
wandb:  finger-19 ▁▁▁▁▁▅▆▆▇▇▇▇█▇███████████▆█▆▇███▅▇██▇███
wandb:   finger-2 ▁▁▁▁▁▁▁▁▆▇▇▇████▇███████▇▆▇▆▇███▆▇██████
wandb:   finger-3 ▁▁▁▁▁▄▆▆▇▇▇█████▇███████▇▆▇▅▇███▅▇██▇███
wandb:   finger-4 ▁▁▁▁▁▁▁▁▁▁▁▁▁▁▁▂▃▄▅▅▆▆▆▇▆▄▆▅▅▇▇▆▅▆▇█▇███
wandb:   finger-5 ▁▁▁▁▁▁▁▁▂▄▅▆▆▇▇▇▆▇▇▇██▇█▇▅▇▅▆█▇▇▅▇██▇███
wandb:   finger-6 ▁▁▁▁▁▂▅▆▇▇▇█████▇███████▇▆▇▆▇███▆▇██▇███
wandb:   finger-7 ▁▁▁▁▃▆▇▇▇███████▇████████▆█▆▇███▆▇██▇███
wandb:   finger-8 ▁▁▁▁▁▁▁▁▁▁▁▁▂▃▃▄▃▆▆▆▆▇▅▆▅▅▅▅▅▆▅▅▅▅▆█▅███
wandb:   finger-9 ▁▁▁▁▁▁▁▃▅▆▆▇▇▇▇▇▆█▇███▇█▆▅▆▅▆█▇▇▅▆▇█▇███
wandb: 
wandb: Run summary:
wandb:   Capitate 0.92492
wandb:     Hamate 0.91244
wandb:     Lunate 0.90516
wandb:   Pisiform 0.82438
wandb:     Radius 0.95317
wandb:   Scaphoid 0.91894
wandb: Train Loss 0.00198
wandb:  Trapezium 0.90028
wandb:  Trapezoid 0.86162
wandb: Triquetrum 0.89622
wandb:       Ulna 0.96829
wandb:   Val Dice 0.93229
wandb:   finger-1 0.92942
wandb:  finger-10 0.96915
wandb:  finger-11 0.9584
wandb:  finger-12 0.92436
wandb:  finger-13 0.95064
wandb:  finger-14 0.96194
wandb:  finger-15 0.95514
wandb:  finger-16 0.88914
wandb:  finger-17 0.91802
wandb:  finger-18 0.94938
wandb:  finger-19 0.95865
wandb:   finger-2 0.95471
wandb:   finger-3 0.96514
wandb:   finger-4 0.92146
wandb:   finger-5 0.94439
wandb:   finger-6 0.96683
wandb:   finger-7 0.96525
wandb:   finger-8 0.93468
wandb:   finger-9 0.9544
wandb: 
wandb: 🚀 View run 317(0)_deeplabv3plus_r101_Adam_BCE_centercrop2_mixed at: https://wandb.ai/cv-18/semantic-segmentation/runs/8prd5zy4
wandb: Synced 6 W&B file(s), 0 media file(s), 0 artifact file(s) and 0 other file(s)
wandb: Find logs at: ./wandb/run-20230614_015317-8prd5zy4/logs