Ulna        : 0.0525
2023-06-13 19:24:14 | Epoch [27/50], Step [25/80], Loss: 0.0485,Data Time: 4.681348362557961
2023-06-13 19:25:03 | Epoch [27/50], Step [50/80], Loss: 0.0888,Data Time: 4.645141192109372
2023-06-13 19:25:50 | Epoch [27/50], Step [75/80], Loss: 0.0807,Data Time: 4.608907186016959
Start validation #27
100%|â–ˆâ–ˆâ–ˆâ–ˆâ–ˆâ–ˆâ–ˆâ–ˆâ–ˆâ–ˆâ–ˆâ–ˆâ–ˆâ–ˆâ–ˆâ–ˆâ–ˆâ–ˆâ–ˆâ–ˆâ–ˆâ–ˆâ–ˆâ–ˆâ–ˆâ–ˆâ–ˆâ–ˆâ–ˆâ–ˆâ–ˆâ–ˆâ–ˆâ–ˆâ–ˆâ–ˆâ–ˆâ–ˆâ–ˆâ–ˆâ–ˆâ–ˆâ–ˆâ–ˆâ–ˆâ–ˆâ–ˆâ–ˆâ–ˆâ–ˆâ–ˆâ–ˆâ–ˆâ–ˆâ–ˆâ–ˆâ–ˆâ–ˆâ–ˆâ–ˆâ–ˆâ–ˆâ–ˆâ–ˆâ–ˆâ–ˆâ–ˆâ–ˆâ–ˆâ–ˆâ–ˆâ–ˆâ–ˆâ–ˆâ–ˆ| 80/80 [03:55<00:00,  2.95s/it]
finger-1    : 0.0070
finger-2    : 0.0370
finger-3    : 0.0274
finger-4    : 0.0071
finger-5    : 0.0285
finger-6    : 0.0869
finger-7    : 0.0348
finger-8    : 0.0097
finger-9    : 0.0183
finger-10   : 0.0391
finger-11   : 0.0475
finger-12   : 0.0094
finger-13   : 0.0161
finger-14   : 0.0487
finger-15   : 0.1415
finger-16   : 0.0059
finger-17   : 0.0164
finger-18   : 0.0292
finger-19   : 0.0343
Trapezium   : 0.0366
Trapezoid   : 0.0487
Capitate    : 0.1801
Hamate      : 0.0821
Scaphoid    : 0.0479
Lunate      : 0.0488
Triquetrum  : 0.0587
Pisiform    : 0.0377
Radius      : 0.1513
Ulna        : 0.0533
Best performance at epoch: 27, 0.0452 -> 0.0479
Save model in ../checkpoints/result_316_deeplabv3plus_r101Adam_BCE_cutmix_mixed/
2023-06-13 19:30:53 | Epoch [28/50], Step [25/80], Loss: 0.0328,Data Time: 4.679040732154585
2023-06-13 19:31:40 | Epoch [28/50], Step [50/80], Loss: 0.0354,Data Time: 4.643568261931924
2023-06-13 19:32:28 | Epoch [28/50], Step [75/80], Loss: 0.0543,Data Time: 4.608849981380523
Start validation #28
100%|â–ˆâ–ˆâ–ˆâ–ˆâ–ˆâ–ˆâ–ˆâ–ˆâ–ˆâ–ˆâ–ˆâ–ˆâ–ˆâ–ˆâ–ˆâ–ˆâ–ˆâ–ˆâ–ˆâ–ˆâ–ˆâ–ˆâ–ˆâ–ˆâ–ˆâ–ˆâ–ˆâ–ˆâ–ˆâ–ˆâ–ˆâ–ˆâ–ˆâ–ˆâ–ˆâ–ˆâ–ˆâ–ˆâ–ˆâ–ˆâ–ˆâ–ˆâ–ˆâ–ˆâ–ˆâ–ˆâ–ˆâ–ˆâ–ˆâ–ˆâ–ˆâ–ˆâ–ˆâ–ˆâ–ˆâ–ˆâ–ˆâ–ˆâ–ˆâ–ˆâ–ˆâ–ˆâ–ˆâ–ˆâ–ˆâ–ˆâ–ˆâ–ˆâ–ˆâ–ˆâ–ˆâ–ˆâ–ˆâ–ˆâ–ˆ| 80/80 [03:55<00:00,  2.95s/it]
finger-1    : 0.0060
finger-2    : 0.0353
finger-3    : 0.0308
finger-4    : 0.0068
finger-5    : 0.0293
finger-6    : 0.0725
finger-7    : 0.0355
finger-8    : 0.0076
finger-9    : 0.0160
finger-10   : 0.0299
finger-11   : 0.0407
finger-12   : 0.0102
finger-13   : 0.0202
finger-14   : 0.0468
finger-15   : 0.1258
finger-16   : 0.0060
finger-17   : 0.0169
finger-18   : 0.0227
finger-19   : 0.0253
Trapezium   : 0.0506
Trapezoid   : 0.0843
Capitate    : 0.1561
Hamate      : 0.0327
Scaphoid    : 0.0671
Lunate      : 0.0218
Triquetrum  : 0.0572
Pisiform    : 0.0452
Radius      : 0.1722
Ulna        : 0.0460
2023-06-13 19:37:28 | Epoch [29/50], Step [25/80], Loss: 0.1027,Data Time: 4.675399214384572
2023-06-13 19:38:15 | Epoch [29/50], Step [50/80], Loss: 0.0451,Data Time: 4.641101283277487
2023-06-13 19:39:03 | Epoch [29/50], Step [75/80], Loss: 0.045,Data Time: 4.607593153259409
Start validation #29
100%|â–ˆâ–ˆâ–ˆâ–ˆâ–ˆâ–ˆâ–ˆâ–ˆâ–ˆâ–ˆâ–ˆâ–ˆâ–ˆâ–ˆâ–ˆâ–ˆâ–ˆâ–ˆâ–ˆâ–ˆâ–ˆâ–ˆâ–ˆâ–ˆâ–ˆâ–ˆâ–ˆâ–ˆâ–ˆâ–ˆâ–ˆâ–ˆâ–ˆâ–ˆâ–ˆâ–ˆâ–ˆâ–ˆâ–ˆâ–ˆâ–ˆâ–ˆâ–ˆâ–ˆâ–ˆâ–ˆâ–ˆâ–ˆâ–ˆâ–ˆâ–ˆâ–ˆâ–ˆâ–ˆâ–ˆâ–ˆâ–ˆâ–ˆâ–ˆâ–ˆâ–ˆâ–ˆâ–ˆâ–ˆâ–ˆâ–ˆâ–ˆâ–ˆâ–ˆâ–ˆâ–ˆâ–ˆâ–ˆâ–ˆâ–ˆ| 80/80 [03:56<00:00,  2.95s/it]
finger-1    : 0.0064
finger-2    : 0.0373
finger-3    : 0.0323
finger-4    : 0.0075
finger-5    : 0.0266
finger-6    : 0.0602
finger-7    : 0.0360
finger-8    : 0.0082
finger-9    : 0.0197
finger-10   : 0.0358
finger-11   : 0.0434
finger-12   : 0.0093
finger-13   : 0.0166
finger-14   : 0.0498
finger-15   : 0.1115
finger-16   : 0.0068
finger-17   : 0.0198
finger-18   : 0.0214
finger-19   : 0.0249
Trapezium   : 0.0382
Trapezoid   : 0.0567
Capitate    : 0.1455
Hamate      : 0.0378
Scaphoid    : 0.0586
Lunate      : 0.0310
Triquetrum  : 0.0610
Pisiform    : 0.0507
Radius      : 0.1789
Ulna        : 0.0554
2023-06-13 19:44:06 | Epoch [30/50], Step [25/80], Loss: 0.0605,Data Time: 4.67314134233796
2023-06-13 19:44:53 | Epoch [30/50], Step [50/80], Loss: 0.0548,Data Time: 4.640108443111307
2023-06-13 19:45:41 | Epoch [30/50], Step [75/80], Loss: 0.0875,Data Time: 4.607753458301807
Start validation #30
100%|â–ˆâ–ˆâ–ˆâ–ˆâ–ˆâ–ˆâ–ˆâ–ˆâ–ˆâ–ˆâ–ˆâ–ˆâ–ˆâ–ˆâ–ˆâ–ˆâ–ˆâ–ˆâ–ˆâ–ˆâ–ˆâ–ˆâ–ˆâ–ˆâ–ˆâ–ˆâ–ˆâ–ˆâ–ˆâ–ˆâ–ˆâ–ˆâ–ˆâ–ˆâ–ˆâ–ˆâ–ˆâ–ˆâ–ˆâ–ˆâ–ˆâ–ˆâ–ˆâ–ˆâ–ˆâ–ˆâ–ˆâ–ˆâ–ˆâ–ˆâ–ˆâ–ˆâ–ˆâ–ˆâ–ˆâ–ˆâ–ˆâ–ˆâ–ˆâ–ˆâ–ˆâ–ˆâ–ˆâ–ˆâ–ˆâ–ˆâ–ˆâ–ˆâ–ˆâ–ˆâ–ˆâ–ˆâ–ˆâ–ˆâ–ˆ| 80/80 [03:54<00:00,  2.93s/it]
finger-1    : 0.0072
finger-2    : 0.0382
finger-3    : 0.0314
finger-4    : 0.0092
finger-5    : 0.0281
finger-6    : 0.0409
finger-7    : 0.0320
finger-8    : 0.0103
finger-9    : 0.0245
finger-10   : 0.0288
finger-11   : 0.0386
finger-12   : 0.0099
finger-13   : 0.0227
finger-14   : 0.0515
finger-15   : 0.0963
finger-16   : 0.0073
finger-17   : 0.0191
finger-18   : 0.0266
finger-19   : 0.0261
Trapezium   : 0.0345
Trapezoid   : 0.0440
Capitate    : 0.0892
Hamate      : 0.0423
Scaphoid    : 0.0429
Lunate      : 0.0406
Triquetrum  : 0.0724
Pisiform    : 0.0582
Radius      : 0.1342
Ulna        : 0.0885
2023-06-13 19:50:40 | Epoch [31/50], Step [25/80], Loss: 0.0515,Data Time: 4.6694431227261255
2023-06-13 19:51:27 | Epoch [31/50], Step [50/80], Loss: 0.0239,Data Time: 4.637358618074534
2023-06-13 19:52:15 | Epoch [31/50], Step [75/80], Loss: 0.0952,Data Time: 4.606162553459707
Start validation #31
100%|â–ˆâ–ˆâ–ˆâ–ˆâ–ˆâ–ˆâ–ˆâ–ˆâ–ˆâ–ˆâ–ˆâ–ˆâ–ˆâ–ˆâ–ˆâ–ˆâ–ˆâ–ˆâ–ˆâ–ˆâ–ˆâ–ˆâ–ˆâ–ˆâ–ˆâ–ˆâ–ˆâ–ˆâ–ˆâ–ˆâ–ˆâ–ˆâ–ˆâ–ˆâ–ˆâ–ˆâ–ˆâ–ˆâ–ˆâ–ˆâ–ˆâ–ˆâ–ˆâ–ˆâ–ˆâ–ˆâ–ˆâ–ˆâ–ˆâ–ˆâ–ˆâ–ˆâ–ˆâ–ˆâ–ˆâ–ˆâ–ˆâ–ˆâ–ˆâ–ˆâ–ˆâ–ˆâ–ˆâ–ˆâ–ˆâ–ˆâ–ˆâ–ˆâ–ˆâ–ˆâ–ˆâ–ˆâ–ˆâ–ˆâ–ˆ| 80/80 [03:55<00:00,  2.94s/it]
finger-1    : 0.0077
finger-2    : 0.0317
finger-3    : 0.0275
finger-4    : 0.0092
finger-5    : 0.0226
finger-6    : 0.0396
finger-7    : 0.0325
finger-8    : 0.0112
finger-9    : 0.0232
finger-10   : 0.0263
finger-11   : 0.0428
finger-12   : 0.0105
finger-13   : 0.0209
finger-14   : 0.0384
finger-15   : 0.0941
finger-16   : 0.0078
finger-17   : 0.0166
finger-18   : 0.0208
finger-19   : 0.0286
Trapezium   : 0.0375
Trapezoid   : 0.0743
Capitate    : 0.1482
Hamate      : 0.0688
Scaphoid    : 0.0542
Lunate      : 0.0515
Triquetrum  : 0.0745
Pisiform    : 0.0606
Radius      : 0.2100
Ulna        : 0.0866
2023-06-13 19:57:16 | Epoch [32/50], Step [25/80], Loss: 0.0469,Data Time: 4.666818062940282
2023-06-13 19:58:04 | Epoch [32/50], Step [50/80], Loss: 0.0633,Data Time: 4.636128118009906
2023-06-13 19:58:55 | Epoch [32/50], Step [75/80], Loss: 0.0958,Data Time: 4.606891222989256
Start validation #32
100%|â–ˆâ–ˆâ–ˆâ–ˆâ–ˆâ–ˆâ–ˆâ–ˆâ–ˆâ–ˆâ–ˆâ–ˆâ–ˆâ–ˆâ–ˆâ–ˆâ–ˆâ–ˆâ–ˆâ–ˆâ–ˆâ–ˆâ–ˆâ–ˆâ–ˆâ–ˆâ–ˆâ–ˆâ–ˆâ–ˆâ–ˆâ–ˆâ–ˆâ–ˆâ–ˆâ–ˆâ–ˆâ–ˆâ–ˆâ–ˆâ–ˆâ–ˆâ–ˆâ–ˆâ–ˆâ–ˆâ–ˆâ–ˆâ–ˆâ–ˆâ–ˆâ–ˆâ–ˆâ–ˆâ–ˆâ–ˆâ–ˆâ–ˆâ–ˆâ–ˆâ–ˆâ–ˆâ–ˆâ–ˆâ–ˆâ–ˆâ–ˆâ–ˆâ–ˆâ–ˆâ–ˆâ–ˆâ–ˆâ–ˆâ–ˆ| 80/80 [03:55<00:00,  2.94s/it]
finger-1    : 0.0071
finger-2    : 0.0315
finger-3    : 0.0292
finger-4    : 0.0088
finger-5    : 0.0237
finger-6    : 0.0500
finger-7    : 0.0336
finger-8    : 0.0142
finger-9    : 0.0220
finger-10   : 0.0343
finger-11   : 0.0453
finger-12   : 0.0130
finger-13   : 0.0178
finger-14   : 0.0383
finger-15   : 0.1014
finger-16   : 0.0079
finger-17   : 0.0147
finger-18   : 0.0159
finger-19   : 0.0253
Trapezium   : 0.0387
Trapezoid   : 0.0556
Capitate    : 0.1578
Hamate      : 0.0551
Scaphoid    : 0.0687
Lunate      : 0.0496
Triquetrum  : 0.0677
Pisiform    : 0.0581
Radius      : 0.2067
Ulna        : 0.0722
2023-06-13 20:03:54 | Epoch [33/50], Step [25/80], Loss: 0.0706,Data Time: 4.6648684484123955
2023-06-13 20:04:42 | Epoch [33/50], Step [50/80], Loss: 0.0879,Data Time: 4.635153375000789
2023-06-13 20:05:29 | Epoch [33/50], Step [75/80], Loss: 0.0545,Data Time: 4.605766297562977
Start validation #33
100%|â–ˆâ–ˆâ–ˆâ–ˆâ–ˆâ–ˆâ–ˆâ–ˆâ–ˆâ–ˆâ–ˆâ–ˆâ–ˆâ–ˆâ–ˆâ–ˆâ–ˆâ–ˆâ–ˆâ–ˆâ–ˆâ–ˆâ–ˆâ–ˆâ–ˆâ–ˆâ–ˆâ–ˆâ–ˆâ–ˆâ–ˆâ–ˆâ–ˆâ–ˆâ–ˆâ–ˆâ–ˆâ–ˆâ–ˆâ–ˆâ–ˆâ–ˆâ–ˆâ–ˆâ–ˆâ–ˆâ–ˆâ–ˆâ–ˆâ–ˆâ–ˆâ–ˆâ–ˆâ–ˆâ–ˆâ–ˆâ–ˆâ–ˆâ–ˆâ–ˆâ–ˆâ–ˆâ–ˆâ–ˆâ–ˆâ–ˆâ–ˆâ–ˆâ–ˆâ–ˆâ–ˆâ–ˆâ–ˆâ–ˆâ–ˆ| 80/80 [03:55<00:00,  2.94s/it]
finger-1    : 0.0068
finger-2    : 0.0473
finger-3    : 0.0385
finger-4    : 0.0065
finger-5    : 0.0306
finger-6    : 0.0784
finger-7    : 0.0396
finger-8    : 0.0075
finger-9    : 0.0189
finger-10   : 0.0344
finger-11   : 0.0434
finger-12   : 0.0108
finger-13   : 0.0208
finger-14   : 0.0512
finger-15   : 0.1298
finger-16   : 0.0069
finger-17   : 0.0185
finger-18   : 0.0196
finger-19   : 0.0237
Trapezium   : 0.0554
Trapezoid   : 0.0920
Capitate    : 0.1528
Hamate      : 0.0319
Scaphoid    : 0.0667
Lunate      : 0.0227
Triquetrum  : 0.0592
Pisiform    : 0.0403
Radius      : 0.1551
Ulna        : 0.0439
2023-06-13 20:10:30 | Epoch [34/50], Step [25/80], Loss: 0.0535,Data Time: 4.662631668606126
2023-06-13 20:11:19 | Epoch [34/50], Step [50/80], Loss: 0.0829,Data Time: 4.6341077630847805
2023-06-13 20:12:07 | Epoch [34/50], Step [75/80], Loss: 0.0622,Data Time: 4.605894544418785
Start validation #34
100%|â–ˆâ–ˆâ–ˆâ–ˆâ–ˆâ–ˆâ–ˆâ–ˆâ–ˆâ–ˆâ–ˆâ–ˆâ–ˆâ–ˆâ–ˆâ–ˆâ–ˆâ–ˆâ–ˆâ–ˆâ–ˆâ–ˆâ–ˆâ–ˆâ–ˆâ–ˆâ–ˆâ–ˆâ–ˆâ–ˆâ–ˆâ–ˆâ–ˆâ–ˆâ–ˆâ–ˆâ–ˆâ–ˆâ–ˆâ–ˆâ–ˆâ–ˆâ–ˆâ–ˆâ–ˆâ–ˆâ–ˆâ–ˆâ–ˆâ–ˆâ–ˆâ–ˆâ–ˆâ–ˆâ–ˆâ–ˆâ–ˆâ–ˆâ–ˆâ–ˆâ–ˆâ–ˆâ–ˆâ–ˆâ–ˆâ–ˆâ–ˆâ–ˆâ–ˆâ–ˆâ–ˆâ–ˆâ–ˆâ–ˆâ–ˆ| 80/80 [03:52<00:00,  2.91s/it]
finger-1    : 0.0076
finger-2    : 0.0402
finger-3    : 0.0416
finger-4    : 0.0109
finger-5    : 0.0333
finger-6    : 0.0549
finger-7    : 0.0462
finger-8    : 0.0110
finger-9    : 0.0180
finger-10   : 0.0465
finger-11   : 0.0378
finger-12   : 0.0098
finger-13   : 0.0144
finger-14   : 0.0341
finger-15   : 0.0771
finger-16   : 0.0088
finger-17   : 0.0183
finger-18   : 0.0170
finger-19   : 0.0233
Trapezium   : 0.0482
Trapezoid   : 0.0785
Capitate    : 0.0880
Hamate      : 0.0318
Scaphoid    : 0.0717
Lunate      : 0.0258
Triquetrum  : 0.0481
Pisiform    : 0.0390
Radius      : 0.1904
Ulna        : 0.0965
2023-06-13 20:17:04 | Epoch [35/50], Step [25/80], Loss: 0.079,Data Time: 4.659783772432087
2023-06-13 20:17:52 | Epoch [35/50], Step [50/80], Loss: 0.0723,Data Time: 4.631711349504519
2023-06-13 20:18:42 | Epoch [35/50], Step [75/80], Loss: 0.0691,Data Time: 4.604842783086841
Start validation #35
100%|â–ˆâ–ˆâ–ˆâ–ˆâ–ˆâ–ˆâ–ˆâ–ˆâ–ˆâ–ˆâ–ˆâ–ˆâ–ˆâ–ˆâ–ˆâ–ˆâ–ˆâ–ˆâ–ˆâ–ˆâ–ˆâ–ˆâ–ˆâ–ˆâ–ˆâ–ˆâ–ˆâ–ˆâ–ˆâ–ˆâ–ˆâ–ˆâ–ˆâ–ˆâ–ˆâ–ˆâ–ˆâ–ˆâ–ˆâ–ˆâ–ˆâ–ˆâ–ˆâ–ˆâ–ˆâ–ˆâ–ˆâ–ˆâ–ˆâ–ˆâ–ˆâ–ˆâ–ˆâ–ˆâ–ˆâ–ˆâ–ˆâ–ˆâ–ˆâ–ˆâ–ˆâ–ˆâ–ˆâ–ˆâ–ˆâ–ˆâ–ˆâ–ˆâ–ˆâ–ˆâ–ˆâ–ˆâ–ˆâ–ˆâ–ˆ| 80/80 [03:59<00:00,  2.99s/it]
finger-1    : 0.0065
finger-2    : 0.0382
finger-3    : 0.0321
finger-4    : 0.0065
finger-5    : 0.0291
finger-6    : 0.0676
finger-7    : 0.0336
finger-8    : 0.0079
finger-9    : 0.0169
finger-10   : 0.0444
finger-11   : 0.0460
finger-12   : 0.0122
finger-13   : 0.0207
finger-14   : 0.0483
finger-15   : 0.1210
finger-16   : 0.0067
finger-17   : 0.0171
finger-18   : 0.0202
finger-19   : 0.0256
Trapezium   : 0.0354
Trapezoid   : 0.0746
Capitate    : 0.1822
Hamate      : 0.0363
Scaphoid    : 0.0574
Lunate      : 0.0563
Triquetrum  : 0.0606
Pisiform    : 0.0441
Radius      : 0.1928
Ulna        : 0.0708
Best performance at epoch: 35, 0.0479 -> 0.0487
Save model in ../checkpoints/result_316_deeplabv3plus_r101Adam_BCE_cutmix_mixed/
2023-06-13 20:23:48 | Epoch [36/50], Step [25/80], Loss: 0.075,Data Time: 4.660158646760789
2023-06-13 20:24:38 | Epoch [36/50], Step [50/80], Loss: 0.0683,Data Time: 4.63382673087873
2023-06-13 20:25:27 | Epoch [36/50], Step [75/80], Loss: 0.0915,Data Time: 4.607253114368604
Start validation #36
100%|â–ˆâ–ˆâ–ˆâ–ˆâ–ˆâ–ˆâ–ˆâ–ˆâ–ˆâ–ˆâ–ˆâ–ˆâ–ˆâ–ˆâ–ˆâ–ˆâ–ˆâ–ˆâ–ˆâ–ˆâ–ˆâ–ˆâ–ˆâ–ˆâ–ˆâ–ˆâ–ˆâ–ˆâ–ˆâ–ˆâ–ˆâ–ˆâ–ˆâ–ˆâ–ˆâ–ˆâ–ˆâ–ˆâ–ˆâ–ˆâ–ˆâ–ˆâ–ˆâ–ˆâ–ˆâ–ˆâ–ˆâ–ˆâ–ˆâ–ˆâ–ˆâ–ˆâ–ˆâ–ˆâ–ˆâ–ˆâ–ˆâ–ˆâ–ˆâ–ˆâ–ˆâ–ˆâ–ˆâ–ˆâ–ˆâ–ˆâ–ˆâ–ˆâ–ˆâ–ˆâ–ˆâ–ˆâ–ˆâ–ˆâ–ˆ| 80/80 [03:57<00:00,  2.97s/it]
finger-1    : 0.0071
finger-2    : 0.0369
finger-3    : 0.0365
finger-4    : 0.0086
finger-5    : 0.0283
finger-6    : 0.0581
finger-7    : 0.0465
finger-8    : 0.0100
finger-9    : 0.0191
finger-10   : 0.0375
finger-11   : 0.0376
finger-12   : 0.0090
finger-13   : 0.0171
finger-14   : 0.0321
finger-15   : 0.0954
finger-16   : 0.0090
finger-17   : 0.0163
finger-18   : 0.0160
finger-19   : 0.0250
Trapezium   : 0.0599
Trapezoid   : 0.1086
Capitate    : 0.1498
Hamate      : 0.0508
Scaphoid    : 0.0778
Lunate      : 0.0347
Triquetrum  : 0.0578
Pisiform    : 0.0491
Radius      : 0.1974
Ulna        : 0.0732
2023-06-13 20:30:31 | Epoch [37/50], Step [25/80], Loss: 0.0523,Data Time: 4.660540366952473
2023-06-13 20:31:20 | Epoch [37/50], Step [50/80], Loss: 0.0266,Data Time: 4.6344210916004895
2023-06-13 20:32:06 | Epoch [37/50], Step [75/80], Loss: 0.0444,Data Time: 4.608001214800349
Start validation #37
100%|â–ˆâ–ˆâ–ˆâ–ˆâ–ˆâ–ˆâ–ˆâ–ˆâ–ˆâ–ˆâ–ˆâ–ˆâ–ˆâ–ˆâ–ˆâ–ˆâ–ˆâ–ˆâ–ˆâ–ˆâ–ˆâ–ˆâ–ˆâ–ˆâ–ˆâ–ˆâ–ˆâ–ˆâ–ˆâ–ˆâ–ˆâ–ˆâ–ˆâ–ˆâ–ˆâ–ˆâ–ˆâ–ˆâ–ˆâ–ˆâ–ˆâ–ˆâ–ˆâ–ˆâ–ˆâ–ˆâ–ˆâ–ˆâ–ˆâ–ˆâ–ˆâ–ˆâ–ˆâ–ˆâ–ˆâ–ˆâ–ˆâ–ˆâ–ˆâ–ˆâ–ˆâ–ˆâ–ˆâ–ˆâ–ˆâ–ˆâ–ˆâ–ˆâ–ˆâ–ˆâ–ˆâ–ˆâ–ˆâ–ˆâ–ˆ| 80/80 [03:54<00:00,  2.93s/it]
finger-1    : 0.0079
finger-2    : 0.0342
finger-3    : 0.0330
finger-4    : 0.0104
finger-5    : 0.0292
finger-6    : 0.0630
finger-7    : 0.0433
finger-8    : 0.0094
finger-9    : 0.0215
finger-10   : 0.0301
finger-11   : 0.0516
finger-12   : 0.0120
finger-13   : 0.0198
finger-14   : 0.0457
finger-15   : 0.1200
finger-16   : 0.0078
finger-17   : 0.0182
finger-18   : 0.0186
finger-19   : 0.0293
Trapezium   : 0.0439
Trapezoid   : 0.0986
Capitate    : 0.1719
Hamate      : 0.0539
Scaphoid    : 0.0796
Lunate      : 0.0625
Triquetrum  : 0.0735
Pisiform    : 0.0600
Radius      : 0.1303
Ulna        : 0.0611
Best performance at epoch: 37, 0.0487 -> 0.0497
Save model in ../checkpoints/result_316_deeplabv3plus_r101Adam_BCE_cutmix_mixed/
2023-06-13 20:37:08 | Epoch [38/50], Step [25/80], Loss: 0.0421,Data Time: 4.658939957898266
2023-06-13 20:37:55 | Epoch [38/50], Step [50/80], Loss: 0.0672,Data Time: 4.632947032792227
2023-06-13 20:38:42 | Epoch [38/50], Step [75/80], Loss: 0.0799,Data Time: 4.6074168338807056
Start validation #38
100%|â–ˆâ–ˆâ–ˆâ–ˆâ–ˆâ–ˆâ–ˆâ–ˆâ–ˆâ–ˆâ–ˆâ–ˆâ–ˆâ–ˆâ–ˆâ–ˆâ–ˆâ–ˆâ–ˆâ–ˆâ–ˆâ–ˆâ–ˆâ–ˆâ–ˆâ–ˆâ–ˆâ–ˆâ–ˆâ–ˆâ–ˆâ–ˆâ–ˆâ–ˆâ–ˆâ–ˆâ–ˆâ–ˆâ–ˆâ–ˆâ–ˆâ–ˆâ–ˆâ–ˆâ–ˆâ–ˆâ–ˆâ–ˆâ–ˆâ–ˆâ–ˆâ–ˆâ–ˆâ–ˆâ–ˆâ–ˆâ–ˆâ–ˆâ–ˆâ–ˆâ–ˆâ–ˆâ–ˆâ–ˆâ–ˆâ–ˆâ–ˆâ–ˆâ–ˆâ–ˆâ–ˆâ–ˆâ–ˆâ–ˆâ–ˆ| 80/80 [03:54<00:00,  2.94s/it]
finger-1    : 0.0072
finger-2    : 0.0407
finger-3    : 0.0328
finger-4    : 0.0081
finger-5    : 0.0286
finger-6    : 0.0631
finger-7    : 0.0466
finger-8    : 0.0095
finger-9    : 0.0205
finger-10   : 0.0510
finger-11   : 0.0615
finger-12   : 0.0116
finger-13   : 0.0268
finger-14   : 0.0559
finger-15   : 0.1175
finger-16   : 0.0074
finger-17   : 0.0184
finger-18   : 0.0196
finger-19   : 0.0252
Trapezium   : 0.0420
Trapezoid   : 0.0809
Capitate    : 0.1429
Hamate      : 0.0397
Scaphoid    : 0.0648
Lunate      : 0.0619
Triquetrum  : 0.0465
Pisiform    : 0.0394
Radius      : 0.1712
Ulna        : 0.0948
2023-06-13 20:43:42 | Epoch [39/50], Step [25/80], Loss: 0.0405,Data Time: 4.65667291270967
2023-06-13 20:44:30 | Epoch [39/50], Step [50/80], Loss: 0.0751,Data Time: 4.631478268120281
2023-06-13 20:45:18 | Epoch [39/50], Step [75/80], Loss: 0.0792,Data Time: 4.606679433345029
Start validation #39
100%|â–ˆâ–ˆâ–ˆâ–ˆâ–ˆâ–ˆâ–ˆâ–ˆâ–ˆâ–ˆâ–ˆâ–ˆâ–ˆâ–ˆâ–ˆâ–ˆâ–ˆâ–ˆâ–ˆâ–ˆâ–ˆâ–ˆâ–ˆâ–ˆâ–ˆâ–ˆâ–ˆâ–ˆâ–ˆâ–ˆâ–ˆâ–ˆâ–ˆâ–ˆâ–ˆâ–ˆâ–ˆâ–ˆâ–ˆâ–ˆâ–ˆâ–ˆâ–ˆâ–ˆâ–ˆâ–ˆâ–ˆâ–ˆâ–ˆâ–ˆâ–ˆâ–ˆâ–ˆâ–ˆâ–ˆâ–ˆâ–ˆâ–ˆâ–ˆâ–ˆâ–ˆâ–ˆâ–ˆâ–ˆâ–ˆâ–ˆâ–ˆâ–ˆâ–ˆâ–ˆâ–ˆâ–ˆâ–ˆâ–ˆâ–ˆ| 80/80 [03:56<00:00,  2.96s/it]
finger-1    : 0.0068
finger-2    : 0.0408
finger-3    : 0.0343
finger-4    : 0.0074
finger-5    : 0.0322
finger-6    : 0.0671
finger-7    : 0.0464
finger-8    : 0.0079
finger-9    : 0.0186
finger-10   : 0.0382
finger-11   : 0.0395
finger-12   : 0.0106
finger-13   : 0.0203
finger-14   : 0.0561
finger-15   : 0.1193
finger-16   : 0.0075
finger-17   : 0.0199
finger-18   : 0.0234
finger-19   : 0.0292
Trapezium   : 0.0455
Trapezoid   : 0.0885
Capitate    : 0.1137
Hamate      : 0.0439
Scaphoid    : 0.0635
Lunate      : 0.0413
Triquetrum  : 0.0683
Pisiform    : 0.0578
Radius      : 0.1330
Ulna        : 0.0693
2023-06-13 20:50:19 | Epoch [40/50], Step [25/80], Loss: 0.0705,Data Time: 4.655015393774157
2023-06-13 20:51:07 | Epoch [40/50], Step [50/80], Loss: 0.0442,Data Time: 4.630646285273675
2023-06-13 20:51:56 | Epoch [40/50], Step [75/80], Loss: 0.0543,Data Time: 4.606766509636653
Start validation #40
100%|â–ˆâ–ˆâ–ˆâ–ˆâ–ˆâ–ˆâ–ˆâ–ˆâ–ˆâ–ˆâ–ˆâ–ˆâ–ˆâ–ˆâ–ˆâ–ˆâ–ˆâ–ˆâ–ˆâ–ˆâ–ˆâ–ˆâ–ˆâ–ˆâ–ˆâ–ˆâ–ˆâ–ˆâ–ˆâ–ˆâ–ˆâ–ˆâ–ˆâ–ˆâ–ˆâ–ˆâ–ˆâ–ˆâ–ˆâ–ˆâ–ˆâ–ˆâ–ˆâ–ˆâ–ˆâ–ˆâ–ˆâ–ˆâ–ˆâ–ˆâ–ˆâ–ˆâ–ˆâ–ˆâ–ˆâ–ˆâ–ˆâ–ˆâ–ˆâ–ˆâ–ˆâ–ˆâ–ˆâ–ˆâ–ˆâ–ˆâ–ˆâ–ˆâ–ˆâ–ˆâ–ˆâ–ˆâ–ˆâ–ˆâ–ˆ| 80/80 [03:56<00:00,  2.95s/it]
finger-1    : 0.0073
finger-2    : 0.0428
finger-3    : 0.0368
finger-4    : 0.0072
finger-5    : 0.0314
finger-6    : 0.0718
finger-7    : 0.0508
finger-8    : 0.0083
finger-9    : 0.0193
finger-10   : 0.0504
finger-11   : 0.0506
finger-12   : 0.0126
finger-13   : 0.0248
finger-14   : 0.0516
finger-15   : 0.1287
finger-16   : 0.0075
finger-17   : 0.0200
finger-18   : 0.0209
finger-19   : 0.0264
Trapezium   : 0.0421
Trapezoid   : 0.1064
Capitate    : 0.1460
Hamate      : 0.0405
Scaphoid    : 0.0588
Lunate      : 0.0715
Triquetrum  : 0.0664
Pisiform    : 0.0583
Radius      : 0.1435
Ulna        : 0.0985
Best performance at epoch: 40, 0.0497 -> 0.0518
Save model in ../checkpoints/result_316_deeplabv3plus_r101Adam_BCE_cutmix_mixed/
2023-06-13 20:56:59 | Epoch [41/50], Step [25/80], Loss: 0.0349,Data Time: 4.6544129181647484
2023-06-13 20:57:46 | Epoch [41/50], Step [50/80], Loss: 0.0501,Data Time: 4.630444532394409
2023-06-13 20:58:34 | Epoch [41/50], Step [75/80], Loss: 0.0331,Data Time: 4.606956173336233
Start validation #41
100%|â–ˆâ–ˆâ–ˆâ–ˆâ–ˆâ–ˆâ–ˆâ–ˆâ–ˆâ–ˆâ–ˆâ–ˆâ–ˆâ–ˆâ–ˆâ–ˆâ–ˆâ–ˆâ–ˆâ–ˆâ–ˆâ–ˆâ–ˆâ–ˆâ–ˆâ–ˆâ–ˆâ–ˆâ–ˆâ–ˆâ–ˆâ–ˆâ–ˆâ–ˆâ–ˆâ–ˆâ–ˆâ–ˆâ–ˆâ–ˆâ–ˆâ–ˆâ–ˆâ–ˆâ–ˆâ–ˆâ–ˆâ–ˆâ–ˆâ–ˆâ–ˆâ–ˆâ–ˆâ–ˆâ–ˆâ–ˆâ–ˆâ–ˆâ–ˆâ–ˆâ–ˆâ–ˆâ–ˆâ–ˆâ–ˆâ–ˆâ–ˆâ–ˆâ–ˆâ–ˆâ–ˆâ–ˆâ–ˆâ–ˆâ–ˆ| 80/80 [03:57<00:00,  2.97s/it]
finger-1    : 0.0075
finger-2    : 0.0407
finger-3    : 0.0391
finger-4    : 0.0074
finger-5    : 0.0282
finger-6    : 0.0633
finger-7    : 0.0563
finger-8    : 0.0077
finger-9    : 0.0150
finger-10   : 0.0368
finger-11   : 0.0674
finger-12   : 0.0119
finger-13   : 0.0218
finger-14   : 0.0560
finger-15   : 0.1394
finger-16   : 0.0072
finger-17   : 0.0198
finger-18   : 0.0216
finger-19   : 0.0295
Trapezium   : 0.0433
Trapezoid   : 0.0812
Capitate    : 0.1651
Hamate      : 0.0728
Scaphoid    : 0.0681
Lunate      : 0.0814
Triquetrum  : 0.0626
Pisiform    : 0.0476
Radius      : 0.1624
Ulna        : 0.0903
Best performance at epoch: 41, 0.0518 -> 0.0535
Save model in ../checkpoints/result_316_deeplabv3plus_r101Adam_BCE_cutmix_mixed/
2023-06-13 21:03:38 | Epoch [42/50], Step [25/80], Loss: 0.1026,Data Time: 4.653825564752368
2023-06-13 21:04:27 | Epoch [42/50], Step [50/80], Loss: 0.0867,Data Time: 4.630952205457487
2023-06-13 21:05:16 | Epoch [42/50], Step [75/80], Loss: 0.0572,Data Time: 4.60842788414877
Start validation #42
100%|â–ˆâ–ˆâ–ˆâ–ˆâ–ˆâ–ˆâ–ˆâ–ˆâ–ˆâ–ˆâ–ˆâ–ˆâ–ˆâ–ˆâ–ˆâ–ˆâ–ˆâ–ˆâ–ˆâ–ˆâ–ˆâ–ˆâ–ˆâ–ˆâ–ˆâ–ˆâ–ˆâ–ˆâ–ˆâ–ˆâ–ˆâ–ˆâ–ˆâ–ˆâ–ˆâ–ˆâ–ˆâ–ˆâ–ˆâ–ˆâ–ˆâ–ˆâ–ˆâ–ˆâ–ˆâ–ˆâ–ˆâ–ˆâ–ˆâ–ˆâ–ˆâ–ˆâ–ˆâ–ˆâ–ˆâ–ˆâ–ˆâ–ˆâ–ˆâ–ˆâ–ˆâ–ˆâ–ˆâ–ˆâ–ˆâ–ˆâ–ˆâ–ˆâ–ˆâ–ˆâ–ˆâ–ˆâ–ˆâ–ˆâ–ˆ| 80/80 [03:57<00:00,  2.96s/it]
finger-1    : 0.0069
finger-2    : 0.0360
finger-3    : 0.0328
finger-4    : 0.0082
finger-5    : 0.0292
finger-6    : 0.0579
finger-7    : 0.0407
finger-8    : 0.0081
finger-9    : 0.0157
finger-10   : 0.0292
finger-11   : 0.0407
finger-12   : 0.0117
finger-13   : 0.0189
finger-14   : 0.0430
finger-15   : 0.1185
finger-16   : 0.0082
finger-17   : 0.0211
finger-18   : 0.0276
finger-19   : 0.0318
Trapezium   : 0.0551
Trapezoid   : 0.0950
Capitate    : 0.1577
Hamate      : 0.0804
Scaphoid    : 0.0841
Lunate      : 0.0423
Triquetrum  : 0.0611
Pisiform    : 0.0457
Radius      : 0.1611
Ulna        : 0.0674
2023-06-13 21:10:19 | Epoch [43/50], Step [25/80], Loss: 0.0986,Data Time: 4.653816153908058
2023-06-13 21:11:07 | Epoch [43/50], Step [50/80], Loss: 0.0862,Data Time: 4.631287605671589
2023-06-13 21:11:56 | Epoch [43/50], Step [75/80], Loss: 0.0702,Data Time: 4.609135663353199
Start validation #43
100%|â–ˆâ–ˆâ–ˆâ–ˆâ–ˆâ–ˆâ–ˆâ–ˆâ–ˆâ–ˆâ–ˆâ–ˆâ–ˆâ–ˆâ–ˆâ–ˆâ–ˆâ–ˆâ–ˆâ–ˆâ–ˆâ–ˆâ–ˆâ–ˆâ–ˆâ–ˆâ–ˆâ–ˆâ–ˆâ–ˆâ–ˆâ–ˆâ–ˆâ–ˆâ–ˆâ–ˆâ–ˆâ–ˆâ–ˆâ–ˆâ–ˆâ–ˆâ–ˆâ–ˆâ–ˆâ–ˆâ–ˆâ–ˆâ–ˆâ–ˆâ–ˆâ–ˆâ–ˆâ–ˆâ–ˆâ–ˆâ–ˆâ–ˆâ–ˆâ–ˆâ–ˆâ–ˆâ–ˆâ–ˆâ–ˆâ–ˆâ–ˆâ–ˆâ–ˆâ–ˆâ–ˆâ–ˆâ–ˆâ–ˆâ–ˆ| 80/80 [03:55<00:00,  2.94s/it]
finger-1    : 0.0064
finger-2    : 0.0381
finger-3    : 0.0287
finger-4    : 0.0061
finger-5    : 0.0263
finger-6    : 0.0787
finger-7    : 0.0407
finger-8    : 0.0073
finger-9    : 0.0185
finger-10   : 0.0497
finger-11   : 0.0558
finger-12   : 0.0100
finger-13   : 0.0206
finger-14   : 0.0587
finger-15   : 0.1546
finger-16   : 0.0050
finger-17   : 0.0175
finger-18   : 0.0224
finger-19   : 0.0275
Trapezium   : 0.0533
Trapezoid   : 0.1131
Capitate    : 0.2264
Hamate      : 0.0800
Scaphoid    : 0.0863
Lunate      : 0.0817
Triquetrum  : 0.0852
Pisiform    : 0.0701
Radius      : 0.1764
Ulna        : 0.0691
Best performance at epoch: 43, 0.0535 -> 0.0591
Save model in ../checkpoints/result_316_deeplabv3plus_r101Adam_BCE_cutmix_mixed/
2023-06-13 21:16:58 | Epoch [44/50], Step [25/80], Loss: 0.0682,Data Time: 4.653127539140666
2023-06-13 21:17:45 | Epoch [44/50], Step [50/80], Loss: 0.0584,Data Time: 4.6307794734878325
2023-06-13 21:18:32 | Epoch [44/50], Step [75/80], Loss: 0.0784,Data Time: 4.608752458566961
Start validation #44
100%|â–ˆâ–ˆâ–ˆâ–ˆâ–ˆâ–ˆâ–ˆâ–ˆâ–ˆâ–ˆâ–ˆâ–ˆâ–ˆâ–ˆâ–ˆâ–ˆâ–ˆâ–ˆâ–ˆâ–ˆâ–ˆâ–ˆâ–ˆâ–ˆâ–ˆâ–ˆâ–ˆâ–ˆâ–ˆâ–ˆâ–ˆâ–ˆâ–ˆâ–ˆâ–ˆâ–ˆâ–ˆâ–ˆâ–ˆâ–ˆâ–ˆâ–ˆâ–ˆâ–ˆâ–ˆâ–ˆâ–ˆâ–ˆâ–ˆâ–ˆâ–ˆâ–ˆâ–ˆâ–ˆâ–ˆâ–ˆâ–ˆâ–ˆâ–ˆâ–ˆâ–ˆâ–ˆâ–ˆâ–ˆâ–ˆâ–ˆâ–ˆâ–ˆâ–ˆâ–ˆâ–ˆâ–ˆâ–ˆâ–ˆâ–ˆ| 80/80 [03:56<00:00,  2.95s/it]
finger-1    : 0.0077
finger-2    : 0.0320
finger-3    : 0.0362
finger-4    : 0.0084
finger-5    : 0.0269
finger-6    : 0.0661
finger-7    : 0.0615
finger-8    : 0.0089
finger-9    : 0.0200
finger-10   : 0.0555
finger-11   : 0.0607
finger-12   : 0.0104
finger-13   : 0.0195
finger-14   : 0.0424
finger-15   : 0.0862
finger-16   : 0.0085
finger-17   : 0.0214
finger-18   : 0.0242
finger-19   : 0.0264
Trapezium   : 0.0561
Trapezoid   : 0.0927
Capitate    : 0.1467
Hamate      : 0.0460
Scaphoid    : 0.0843
Lunate      : 0.0470
Triquetrum  : 0.0442
Pisiform    : 0.0341
Radius      : 0.1742
Ulna        : 0.0580
2023-06-13 21:23:34 | Epoch [45/50], Step [25/80], Loss: 0.0607,Data Time: 4.651731904773685
2023-06-13 21:24:23 | Epoch [45/50], Step [50/80], Loss: 0.0278,Data Time: 4.630301430378975
2023-06-13 21:25:11 | Epoch [45/50], Step [75/80], Loss: 0.0827,Data Time: 4.608897568221218
Start validation #45
100%|â–ˆâ–ˆâ–ˆâ–ˆâ–ˆâ–ˆâ–ˆâ–ˆâ–ˆâ–ˆâ–ˆâ–ˆâ–ˆâ–ˆâ–ˆâ–ˆâ–ˆâ–ˆâ–ˆâ–ˆâ–ˆâ–ˆâ–ˆâ–ˆâ–ˆâ–ˆâ–ˆâ–ˆâ–ˆâ–ˆâ–ˆâ–ˆâ–ˆâ–ˆâ–ˆâ–ˆâ–ˆâ–ˆâ–ˆâ–ˆâ–ˆâ–ˆâ–ˆâ–ˆâ–ˆâ–ˆâ–ˆâ–ˆâ–ˆâ–ˆâ–ˆâ–ˆâ–ˆâ–ˆâ–ˆâ–ˆâ–ˆâ–ˆâ–ˆâ–ˆâ–ˆâ–ˆâ–ˆâ–ˆâ–ˆâ–ˆâ–ˆâ–ˆâ–ˆâ–ˆâ–ˆâ–ˆâ–ˆâ–ˆâ–ˆ| 80/80 [03:56<00:00,  2.96s/it]
finger-1    : 0.0066
finger-2    : 0.0401
finger-3    : 0.0298
finger-4    : 0.0056
finger-5    : 0.0294
finger-6    : 0.0772
finger-7    : 0.0412
finger-8    : 0.0077
finger-9    : 0.0207
finger-10   : 0.0436
finger-11   : 0.0611
finger-12   : 0.0094
finger-13   : 0.0187
finger-14   : 0.0576
finger-15   : 0.1487
finger-16   : 0.0067
finger-17   : 0.0233
finger-18   : 0.0256
finger-19   : 0.0314
Trapezium   : 0.0506
Trapezoid   : 0.0911
Capitate    : 0.1575
Hamate      : 0.0655
Scaphoid    : 0.0765
Lunate      : 0.0303
Triquetrum  : 0.0673
Pisiform    : 0.0568
Radius      : 0.1518
Ulna        : 0.0514
2023-06-13 21:30:13 | Epoch [46/50], Step [25/80], Loss: 0.0453,Data Time: 4.651052344420861
2023-06-13 21:30:59 | Epoch [46/50], Step [50/80], Loss: 0.0457,Data Time: 4.629460429296102
2023-06-13 21:31:47 | Epoch [46/50], Step [75/80], Loss: 0.0495,Data Time: 4.608442551684218
Start validation #46
100%|â–ˆâ–ˆâ–ˆâ–ˆâ–ˆâ–ˆâ–ˆâ–ˆâ–ˆâ–ˆâ–ˆâ–ˆâ–ˆâ–ˆâ–ˆâ–ˆâ–ˆâ–ˆâ–ˆâ–ˆâ–ˆâ–ˆâ–ˆâ–ˆâ–ˆâ–ˆâ–ˆâ–ˆâ–ˆâ–ˆâ–ˆâ–ˆâ–ˆâ–ˆâ–ˆâ–ˆâ–ˆâ–ˆâ–ˆâ–ˆâ–ˆâ–ˆâ–ˆâ–ˆâ–ˆâ–ˆâ–ˆâ–ˆâ–ˆâ–ˆâ–ˆâ–ˆâ–ˆâ–ˆâ–ˆâ–ˆâ–ˆâ–ˆâ–ˆâ–ˆâ–ˆâ–ˆâ–ˆâ–ˆâ–ˆâ–ˆâ–ˆâ–ˆâ–ˆâ–ˆâ–ˆâ–ˆâ–ˆâ–ˆâ–ˆ| 80/80 [03:56<00:00,  2.95s/it]
finger-1    : 0.0068
finger-2    : 0.0399
finger-3    : 0.0326
finger-4    : 0.0059
finger-5    : 0.0343
finger-6    : 0.0894
finger-7    : 0.0427
finger-8    : 0.0071
finger-9    : 0.0215
finger-10   : 0.0340
finger-11   : 0.0562
finger-12   : 0.0094
finger-13   : 0.0221
finger-14   : 0.0625
finger-15   : 0.1310
finger-16   : 0.0065
finger-17   : 0.0223
finger-18   : 0.0291
finger-19   : 0.0292
Trapezium   : 0.0506
Trapezoid   : 0.0972
Capitate    : 0.1600
Hamate      : 0.0415
Scaphoid    : 0.0738
Lunate      : 0.0324
Triquetrum  : 0.0537
Pisiform    : 0.0372
Radius      : 0.1624
Ulna        : 0.0451
2023-06-13 21:36:47 | Epoch [47/50], Step [25/80], Loss: 0.0682,Data Time: 4.649248797948222
2023-06-13 21:37:35 | Epoch [47/50], Step [50/80], Loss: 0.0436,Data Time: 4.6284659153654495
2023-06-13 21:38:23 | Epoch [47/50], Step [75/80], Loss: 0.06,Data Time: 4.60784284570087
Start validation #47
100%|â–ˆâ–ˆâ–ˆâ–ˆâ–ˆâ–ˆâ–ˆâ–ˆâ–ˆâ–ˆâ–ˆâ–ˆâ–ˆâ–ˆâ–ˆâ–ˆâ–ˆâ–ˆâ–ˆâ–ˆâ–ˆâ–ˆâ–ˆâ–ˆâ–ˆâ–ˆâ–ˆâ–ˆâ–ˆâ–ˆâ–ˆâ–ˆâ–ˆâ–ˆâ–ˆâ–ˆâ–ˆâ–ˆâ–ˆâ–ˆâ–ˆâ–ˆâ–ˆâ–ˆâ–ˆâ–ˆâ–ˆâ–ˆâ–ˆâ–ˆâ–ˆâ–ˆâ–ˆâ–ˆâ–ˆâ–ˆâ–ˆâ–ˆâ–ˆâ–ˆâ–ˆâ–ˆâ–ˆâ–ˆâ–ˆâ–ˆâ–ˆâ–ˆâ–ˆâ–ˆâ–ˆâ–ˆâ–ˆâ–ˆâ–ˆ| 80/80 [03:56<00:00,  2.96s/it]
finger-1    : 0.0092
finger-2    : 0.0305
finger-3    : 0.0282
finger-4    : 0.0122
finger-5    : 0.0292
finger-6    : 0.0355
finger-7    : 0.0406
finger-8    : 0.0111
finger-9    : 0.0237
finger-10   : 0.0238
finger-11   : 0.0385
finger-12   : 0.0133
finger-13   : 0.0228
finger-14   : 0.0395
finger-15   : 0.0909
finger-16   : 0.0111
finger-17   : 0.0228
finger-18   : 0.0296
finger-19   : 0.0392
Trapezium   : 0.0504
Trapezoid   : 0.0918
Capitate    : 0.0842
Hamate      : 0.0947
Scaphoid    : 0.0734
Lunate      : 0.0436
Triquetrum  : 0.0745
Pisiform    : 0.0716
Radius      : 0.1426
Ulna        : 0.0898
2023-06-13 21:43:27 | Epoch [48/50], Step [25/80], Loss: 0.0807,Data Time: 4.648698579493413
2023-06-13 21:44:17 | Epoch [48/50], Step [50/80], Loss: 0.0849,Data Time: 4.628926086112896
2023-06-13 21:45:05 | Epoch [48/50], Step [75/80], Loss: 0.0715,Data Time: 4.608860706878921
Start validation #48
100%|â–ˆâ–ˆâ–ˆâ–ˆâ–ˆâ–ˆâ–ˆâ–ˆâ–ˆâ–ˆâ–ˆâ–ˆâ–ˆâ–ˆâ–ˆâ–ˆâ–ˆâ–ˆâ–ˆâ–ˆâ–ˆâ–ˆâ–ˆâ–ˆâ–ˆâ–ˆâ–ˆâ–ˆâ–ˆâ–ˆâ–ˆâ–ˆâ–ˆâ–ˆâ–ˆâ–ˆâ–ˆâ–ˆâ–ˆâ–ˆâ–ˆâ–ˆâ–ˆâ–ˆâ–ˆâ–ˆâ–ˆâ–ˆâ–ˆâ–ˆâ–ˆâ–ˆâ–ˆâ–ˆâ–ˆâ–ˆâ–ˆâ–ˆâ–ˆâ–ˆâ–ˆâ–ˆâ–ˆâ–ˆâ–ˆâ–ˆâ–ˆâ–ˆâ–ˆâ–ˆâ–ˆâ–ˆâ–ˆâ–ˆâ–ˆ| 80/80 [03:53<00:00,  2.92s/it]
finger-1    : 0.0068
finger-2    : 0.0355
finger-3    : 0.0270
finger-4    : 0.0072
finger-5    : 0.0289
finger-6    : 0.0623
finger-7    : 0.0350
finger-8    : 0.0090
finger-9    : 0.0302
finger-10   : 0.0449
finger-11   : 0.0493
finger-12   : 0.0120
finger-13   : 0.0253
finger-14   : 0.0543
finger-15   : 0.1199
finger-16   : 0.0075
finger-17   : 0.0217
finger-18   : 0.0271
finger-19   : 0.0280
Trapezium   : 0.0415
Trapezoid   : 0.0832
Capitate    : 0.1825
Hamate      : 0.0776
Scaphoid    : 0.0735
Lunate      : 0.0731
Triquetrum  : 0.0681
Pisiform    : 0.0552
Radius      : 0.1706
Ulna        : 0.0847
2023-06-13 21:50:03 | Epoch [49/50], Step [25/80], Loss: 0.0397,Data Time: 4.647476363706404
2023-06-13 21:50:52 | Epoch [49/50], Step [50/80], Loss: 0.0516,Data Time: 4.628022124528272
2023-06-13 21:51:41 | Epoch [49/50], Step [75/80], Loss: 0.0394,Data Time: 4.608453230047896
Start validation #49
100%|â–ˆâ–ˆâ–ˆâ–ˆâ–ˆâ–ˆâ–ˆâ–ˆâ–ˆâ–ˆâ–ˆâ–ˆâ–ˆâ–ˆâ–ˆâ–ˆâ–ˆâ–ˆâ–ˆâ–ˆâ–ˆâ–ˆâ–ˆâ–ˆâ–ˆâ–ˆâ–ˆâ–ˆâ–ˆâ–ˆâ–ˆâ–ˆâ–ˆâ–ˆâ–ˆâ–ˆâ–ˆâ–ˆâ–ˆâ–ˆâ–ˆâ–ˆâ–ˆâ–ˆâ–ˆâ–ˆâ–ˆâ–ˆâ–ˆâ–ˆâ–ˆâ–ˆâ–ˆâ–ˆâ–ˆâ–ˆâ–ˆâ–ˆâ–ˆâ–ˆâ–ˆâ–ˆâ–ˆâ–ˆâ–ˆâ–ˆâ–ˆâ–ˆâ–ˆâ–ˆâ–ˆâ–ˆâ–ˆâ–ˆâ–ˆ| 80/80 [03:53<00:00,  2.91s/it]
finger-1    : 0.0072
finger-2    : 0.0369
finger-3    : 0.0271
finger-4    : 0.0078
finger-5    : 0.0330
finger-6    : 0.0695
finger-7    : 0.0342
finger-8    : 0.0094
finger-9    : 0.0240
finger-10   : 0.0435
finger-11   : 0.0465
finger-12   : 0.0111
finger-13   : 0.0244
finger-14   : 0.0564
finger-15   : 0.1221
finger-16   : 0.0076
finger-17   : 0.0207
finger-18   : 0.0310
finger-19   : 0.0348
Trapezium   : 0.0428
Trapezoid   : 0.0655
Capitate    : 0.1278
Hamate      : 0.0750
Scaphoid    : 0.0610
Lunate      : 0.0459
Triquetrum  : 0.0750
Pisiform    : 0.0616
Radius      : 0.1865
Ulna        : 0.0787
2023-06-13 21:56:39 | Epoch [50/50], Step [25/80], Loss: 0.088,Data Time: 4.646139916841824
2023-06-13 21:57:28 | Epoch [50/50], Step [50/80], Loss: 0.0666,Data Time: 4.6269138560787555
2023-06-13 21:58:15 | Epoch [50/50], Step [75/80], Loss: 0.0843,Data Time: 4.607627104817702
Start validation #50
100%|â–ˆâ–ˆâ–ˆâ–ˆâ–ˆâ–ˆâ–ˆâ–ˆâ–ˆâ–ˆâ–ˆâ–ˆâ–ˆâ–ˆâ–ˆâ–ˆâ–ˆâ–ˆâ–ˆâ–ˆâ–ˆâ–ˆâ–ˆâ–ˆâ–ˆâ–ˆâ–ˆâ–ˆâ–ˆâ–ˆâ–ˆâ–ˆâ–ˆâ–ˆâ–ˆâ–ˆâ–ˆâ–ˆâ–ˆâ–ˆâ–ˆâ–ˆâ–ˆâ–ˆâ–ˆâ–ˆâ–ˆâ–ˆâ–ˆâ–ˆâ–ˆâ–ˆâ–ˆâ–ˆâ–ˆâ–ˆâ–ˆâ–ˆâ–ˆâ–ˆâ–ˆâ–ˆâ–ˆâ–ˆâ–ˆâ–ˆâ–ˆâ–ˆâ–ˆâ–ˆâ–ˆâ–ˆâ–ˆâ–ˆâ–ˆ| 80/80 [03:56<00:00,  2.96s/it]
finger-1    : 0.0072
finger-2    : 0.0385
finger-3    : 0.0334
finger-4    : 0.0067
finger-5    : 0.0348
finger-6    : 0.0921
finger-7    : 0.0424
finger-8    : 0.0071
finger-9    : 0.0207
finger-10   : 0.0404
finger-11   : 0.0561
finger-12   : 0.0112
finger-13   : 0.0221
finger-14   : 0.0595
finger-15   : 0.1387
finger-16   : 0.0067
finger-17   : 0.0210
finger-18   : 0.0287
finger-19   : 0.0328
Trapezium   : 0.0562
Trapezoid   : 0.1004
Capitate    : 0.1803
Hamate      : 0.0640
Scaphoid    : 0.0935
Lunate      : 0.0545
Triquetrum  : 0.0657
Pisiform    : 0.0543
Radius      : 0.1437
Ulna        : 0.0545
100%|â–ˆâ–ˆâ–ˆâ–ˆâ–ˆâ–ˆâ–ˆâ–ˆâ–ˆâ–ˆâ–ˆâ–ˆâ–ˆâ–ˆâ–ˆâ–ˆâ–ˆâ–ˆâ–ˆâ–ˆâ–ˆâ–ˆâ–ˆâ–ˆâ–ˆâ–ˆâ–ˆâ–ˆâ–ˆâ–ˆâ–ˆâ–ˆâ–ˆâ–ˆâ–ˆâ–ˆâ–ˆâ–ˆâ–ˆâ–ˆâ–ˆâ–ˆâ–ˆâ–ˆâ–ˆâ–ˆâ–ˆâ–ˆâ–ˆâ–ˆâ–ˆâ–ˆâ–ˆâ–ˆâ–ˆâ–ˆâ–ˆâ–ˆâ–ˆâ–ˆâ–ˆâ–ˆâ–ˆâ–ˆâ–ˆâ–ˆâ–ˆâ–ˆâ–ˆâ–ˆâ–ˆâ–ˆâ–ˆ| 150/150 [04:10<00:00,  1.67s/it]
wandb: Waiting for W&B process to finish... (success).
wandb: 
wandb: Run history:
wandb:   Capitate â–…â–ƒâ–ƒâ–…â–…â–ƒâ–ƒâ–ƒâ–ƒâ–ƒâ–ƒâ–„â–„â–ƒâ–ƒâ–„â–„â–ƒâ–„â–„â–ƒâ–†â–…â–„â–„â–…â–„â–â–„â–…â–„â–‚â–…â–…â–ˆâ–„â–…â–â–†â–†
wandb:     Hamate â–‚â–â–„â–…â–ƒâ–‚â–ƒâ–ƒâ–‚â–ƒâ–‚â–‚â–‚â–â–„â–‚â–ƒâ–â–â–‚â–‚â–‡â–‚â–ƒâ–†â–„â–‚â–‚â–„â–„â–ƒâ–ƒâ–†â–‡â–‡â–ƒâ–ƒâ–ˆâ–†â–…
wandb:     Lunate â–â–â–â–‚â–‚â–â–‚â–â–‚â–‚â–‚â–â–‚â–â–‚â–‚â–‚â–‚â–ƒâ–‚â–ƒâ–…â–‚â–ƒâ–…â–…â–‚â–ƒâ–ƒâ–†â–†â–„â–ˆâ–„â–ˆâ–…â–ƒâ–„â–‡â–…
wandb:   Pisiform â–â–â–â–â–‚â–‚â–‚â–‚â–ƒâ–„â–ƒâ–ƒâ–„â–ƒâ–„â–…â–„â–…â–…â–„â–ƒâ–…â–…â–†â–‡â–‡â–…â–…â–†â–‡â–…â–‡â–†â–…â–ˆâ–„â–…â–ˆâ–†â–†
wandb:     Radius â–‡â–†â–†â–‡â–ƒâ–†â–…â–†â–…â–†â–†â–†â–‡â–…â–…â–†â–†â–‚â–ˆâ–„â–„â–ƒâ–„â–…â–‡â–‡â–ƒâ–…â–†â–â–„â–â–ƒâ–ƒâ–„â–„â–ƒâ–‚â–„â–‚
wandb:   Scaphoid â–â–â–â–â–‚â–‚â–‚â–ƒâ–ƒâ–„â–„â–„â–…â–„â–„â–†â–„â–„â–‡â–ˆâ–‡â–„â–†â–…â–…â–†â–†â–†â–‡â–‡â–†â–†â–†â–‡â–‡â–‡â–†â–†â–†â–ˆ
wandb: Train Loss â–‡â–„â–„â–†â–ƒâ–ˆâ–ƒâ–ƒâ–ƒâ–ƒâ–ƒâ–ƒâ–ƒâ–ƒâ–‚â–ƒâ–‚â–ƒâ–‚â–‚â–ƒâ–ƒâ–‚â–‚â–â–„â–‚â–ƒâ–„â–‚â–ƒâ–ƒâ–‚â–‚â–ƒâ–â–‚â–ƒâ–‚â–ƒ
wandb:  Trapezium â–„â–‚â–ƒâ–„â–ƒâ–‚â–ƒâ–‚â–ƒâ–‚â–â–‚â–ƒâ–ƒâ–â–…â–ƒâ–‚â–…â–…â–ˆâ–â–…â–‚â–â–‚â–†â–„â–‡â–ƒâ–ƒâ–ƒâ–ƒâ–†â–…â–†â–…â–…â–‚â–†
wandb:  Trapezoid â–…â–‚â–‚â–„â–ƒâ–‚â–ƒâ–ƒâ–ƒâ–‚â–‚â–â–ƒâ–‚â–‚â–„â–„â–‚â–ƒâ–…â–‡â–â–…â–‚â–„â–‚â–†â–„â–ˆâ–†â–…â–…â–…â–†â–ˆâ–†â–†â–†â–…â–‡
wandb: Triquetrum â–„â–â–„â–„â–‚â–ƒâ–‚â–‚â–ƒâ–„â–ƒâ–„â–…â–‚â–…â–„â–ƒâ–…â–…â–„â–‚â–…â–…â–…â–‡â–†â–…â–„â–…â–‡â–ƒâ–†â–…â–…â–ˆâ–ƒâ–„â–‡â–†â–†
wandb:       Ulna â–â–â–â–‚â–‚â–‚â–‚â–‚â–ƒâ–ƒâ–ƒâ–‚â–ƒâ–‚â–„â–ƒâ–‚â–ƒâ–…â–‚â–ƒâ–„â–ƒâ–„â–‡â–†â–ƒâ–ˆâ–†â–„â–ˆâ–…â–‡â–…â–…â–„â–ƒâ–‡â–‡â–„
wandb:   Val Dice â–ƒâ–‚â–â–‚â–‚â–â–â–‚â–‚â–‚â–‚â–ƒâ–ƒâ–ƒâ–ƒâ–„â–ƒâ–ƒâ–„â–„â–„â–…â–„â–„â–…â–…â–„â–„â–…â–…â–…â–„â–†â–…â–ˆâ–…â–…â–…â–†â–‡
wandb:   finger-1 â–ˆâ–ƒâ–â–â–â–â–â–â–â–‚â–‚â–â–‚â–‚â–‚â–‚â–‚â–‚â–‚â–‚â–ƒâ–‚â–â–‚â–ƒâ–ƒâ–‚â–ƒâ–ƒâ–ƒâ–ƒâ–‚â–ƒâ–‚â–‚â–ƒâ–‚â–…â–‚â–ƒ
wandb:  finger-10 â–‡â–‚â–â–â–‚â–â–â–â–‚â–â–ƒâ–ƒâ–‚â–ƒâ–ƒâ–„â–…â–„â–…â–…â–ƒâ–…â–ƒâ–„â–‚â–„â–„â–†â–„â–ƒâ–‡â–…â–„â–ƒâ–‡â–ˆâ–„â–‚â–†â–…
wandb:  finger-11 â–ˆâ–‚â–â–â–‚â–â–â–â–â–â–â–â–â–â–â–â–‚â–â–‚â–‚â–‚â–‚â–‚â–‚â–‚â–‚â–‚â–â–â–‚â–ƒâ–‚â–„â–‚â–ƒâ–ƒâ–ƒâ–‚â–‚â–ƒ
wandb:  finger-12 â–â–â–â–‚â–„â–‚â–ƒâ–ƒâ–ƒâ–‚â–‚â–ƒâ–ƒâ–ƒâ–ƒâ–„â–ƒâ–„â–†â–„â–‡â–…â–…â–…â–†â–ˆâ–†â–…â–„â–‡â–‡â–†â–‡â–‡â–…â–†â–…â–ˆâ–‡â–†
wandb:  finger-13 â–â–„â–†â–„â–†â–†â–†â–†â–‡â–„â–„â–…â–„â–…â–„â–„â–ƒâ–†â–…â–…â–…â–„â–†â–„â–†â–…â–†â–ƒâ–„â–…â–ˆâ–†â–†â–…â–†â–…â–†â–‡â–‡â–†
wandb:  finger-14 â–ˆâ–‡â–…â–„â–„â–ƒâ–ƒâ–ƒâ–„â–‚â–â–ƒâ–â–„â–‚â–ƒâ–ƒâ–‡â–ƒâ–…â–‚â–…â–„â–…â–ƒâ–ƒâ–…â–‚â–â–„â–†â–†â–†â–„â–‡â–ƒâ–‡â–ƒâ–†â–‡
wandb:  finger-15 â–â–‚â–â–â–â–â–â–â–‚â–‚â–‚â–…â–„â–…â–„â–…â–…â–†â–„â–…â–„â–‡â–†â–†â–…â–…â–‡â–„â–…â–†â–†â–†â–‡â–†â–ˆâ–„â–‡â–„â–†â–‡
wandb:  finger-16 â–â–„â–â–â–â–ƒâ–‚â–‚â–ƒâ–ƒâ–…â–„â–„â–„â–…â–„â–…â–„â–„â–…â–…â–ƒâ–„â–„â–…â–…â–„â–†â–†â–…â–…â–…â–…â–…â–ƒâ–†â–„â–ˆâ–…â–„
wandb:  finger-17 â–‚â–„â–ƒâ–â–‚â–‚â–â–‚â–ƒâ–‚â–„â–„â–„â–…â–…â–„â–…â–…â–„â–†â–…â–…â–…â–†â–…â–„â–†â–†â–…â–†â–†â–†â–†â–‡â–…â–‡â–ˆâ–ˆâ–‡â–‡
wandb:  finger-18 â–‚â–†â–‚â–„â–ƒâ–‚â–‚â–ƒâ–ƒâ–â–‚â–…â–„â–…â–„â–ƒâ–ƒâ–‡â–‚â–„â–ƒâ–ˆâ–…â–„â–„â–â–ƒâ–‚â–â–ƒâ–ƒâ–…â–„â–‡â–…â–…â–ˆâ–ˆâ–‡â–ˆ
wandb:  finger-19 â–†â–‚â–â–ƒâ–‚â–â–â–â–â–â–â–‚â–‚â–â–â–‚â–â–‚â–â–‚â–‚â–†â–‚â–‚â–„â–‚â–‚â–‚â–‚â–„â–‚â–„â–„â–…â–ƒâ–ƒâ–„â–ˆâ–„â–…
wandb:   finger-2 â–‚â–†â–„â–„â–ƒâ–‚â–ƒâ–ƒâ–ƒâ–ƒâ–‚â–ƒâ–‚â–„â–ƒâ–ƒâ–„â–ƒâ–‚â–…â–„â–„â–ƒâ–„â–‚â–â–ˆâ–…â–„â–ƒâ–…â–…â–…â–ƒâ–„â–‚â–…â–â–ƒâ–„
wandb:   finger-3 â–ƒâ–ˆâ–„â–†â–„â–ƒâ–…â–„â–„â–„â–„â–‚â–ƒâ–„â–‚â–„â–ƒâ–‚â–‚â–ƒâ–…â–â–‚â–‚â–â–‚â–„â–…â–„â–ƒâ–ƒâ–ƒâ–„â–ƒâ–â–ƒâ–ƒâ–â–â–ƒ
wandb:   finger-4 â–ƒâ–‚â–‚â–â–â–â–â–â–â–‚â–ƒâ–‚â–‚â–‚â–…â–„â–ƒâ–ƒâ–„â–ƒâ–ˆâ–ƒâ–ƒâ–ƒâ–…â–…â–‚â–‡â–„â–†â–„â–ƒâ–ƒâ–„â–‚â–„â–‚â–ˆâ–ƒâ–ƒ
wandb:   finger-5 â–â–†â–‡â–„â–„â–„â–…â–†â–…â–ƒâ–„â–…â–‚â–…â–„â–†â–…â–„â–„â–…â–‡â–…â–…â–„â–‚â–ƒâ–†â–‡â–…â–…â–…â–‡â–…â–…â–„â–„â–ˆâ–…â–…â–ˆ
wandb:   finger-6 â–‚â–ƒâ–ƒâ–ƒâ–„â–‚â–„â–†â–…â–‚â–„â–†â–ƒâ–†â–„â–†â–‡â–†â–ƒâ–‡â–…â–‡â–†â–„â–‚â–ƒâ–†â–ƒâ–„â–„â–„â–…â–„â–„â–†â–…â–ˆâ–â–„â–ˆ
wandb:   finger-7 â–â–ƒâ–â–‚â–‚â–â–‚â–‚â–‚â–‚â–ƒâ–ƒâ–ƒâ–ƒâ–‚â–„â–„â–ƒâ–ƒâ–„â–„â–ƒâ–ƒâ–ƒâ–‚â–ƒâ–„â–…â–…â–…â–…â–…â–‡â–„â–„â–ˆâ–„â–„â–ƒâ–„
wandb:   finger-8 â–â–ˆâ–ƒâ–‚â–‚â–…â–ƒâ–ƒâ–ƒâ–„â–…â–ƒâ–„â–ƒâ–„â–„â–ƒâ–‚â–ƒâ–‚â–ƒâ–ƒâ–‚â–‚â–„â–…â–‚â–„â–ƒâ–ƒâ–ƒâ–‚â–‚â–‚â–‚â–ƒâ–‚â–„â–ƒâ–‚
wandb:   finger-9 â–ˆâ–…â–…â–ƒâ–â–‚â–‚â–â–â–‚â–ƒâ–‚â–ƒâ–‚â–ƒâ–‚â–‚â–‚â–‚â–â–‚â–‚â–â–‚â–ƒâ–‚â–‚â–‚â–‚â–‚â–‚â–‚â–â–â–‚â–‚â–‚â–ƒâ–„â–‚
wandb: 
wandb: Run summary:
wandb:   Capitate 0.18032
wandb:     Hamate 0.06402
wandb:     Lunate 0.0545
wandb:   Pisiform 0.05429
wandb:     Radius 0.14373
wandb:   Scaphoid 0.09346
wandb: Train Loss 0.08429
wandb:  Trapezium 0.05621
wandb:  Trapezoid 0.10039
wandb: Triquetrum 0.06566
wandb:       Ulna 0.05447
wandb:   Val Dice 0.05404
wandb:   finger-1 0.00722
wandb:  finger-10 0.04036
wandb:  finger-11 0.0561
wandb:  finger-12 0.01124
wandb:  finger-13 0.02208
wandb:  finger-14 0.05953
wandb:  finger-15 0.13867
wandb:  finger-16 0.00671
wandb:  finger-17 0.02105
wandb:  finger-18 0.02873
wandb:  finger-19 0.03278
wandb:   finger-2 0.03848
wandb:   finger-3 0.0334
wandb:   finger-4 0.00667
wandb:   finger-5 0.03476
wandb:   finger-6 0.09206
wandb:   finger-7 0.04239
wandb:   finger-8 0.00713
wandb:   finger-9 0.02073
wandb: 
wandb: ðŸš€ View run 316_deeplabv3plus_r101Adam_BCE_cutmix_mixed at: https://wandb.ai/cv-18/semantic-segmentation/runs/4nzhgo3l
wandb: Synced 6 W&B file(s), 0 media file(s), 0 artifact file(s) and 0 other file(s)
wandb: Find logs at: ./wandb/run-20230613_162657-4nzhgo3l/logs